Requirement already satisfied: pandas in /sfs/qumulo/qhome/brc4cb/.conda/envs/falcon_40B/lib/python3.9/site-packages (from -r requirements.txt (line 1)) (2.0.3)
Collecting pandas (from -r requirements.txt (line 1))
  Using cached pandas-2.1.1-cp39-cp39-manylinux_2_17_x86_64.manylinux2014_x86_64.whl (12.3 MB)
Collecting matplotlib (from -r requirements.txt (line 2))
  Using cached matplotlib-3.8.0-cp39-cp39-manylinux_2_17_x86_64.manylinux2014_x86_64.whl (11.6 MB)
Requirement already satisfied: numpy in /sfs/qumulo/qhome/brc4cb/.conda/envs/falcon_40B/lib/python3.9/site-packages (from -r requirements.txt (line 3)) (1.25.2)
Collecting numpy (from -r requirements.txt (line 3))
  Using cached numpy-1.26.1-cp39-cp39-manylinux_2_17_x86_64.manylinux2014_x86_64.whl (18.2 MB)
Requirement already satisfied: torchvision in /sfs/qumulo/qhome/brc4cb/.conda/envs/falcon_40B/lib/python3.9/site-packages (from -r requirements.txt (line 4)) (0.16.0)
Requirement already satisfied: torchvision in /sfs/qumulo/qhome/brc4cb/.conda/envs/falcon_40B/lib/python3.9/site-packages (0.16.0)
Requirement already satisfied: numpy in /sfs/qumulo/qhome/brc4cb/.conda/envs/falcon_40B/lib/python3.9/site-packages (from torchvision) (1.25.2)
Requirement already satisfied: requests in /sfs/qumulo/qhome/brc4cb/.conda/envs/falcon_40B/lib/python3.9/site-packages (from torchvision) (2.31.0)
Requirement already satisfied: torch==2.1.0 in /sfs/qumulo/qhome/brc4cb/.conda/envs/falcon_40B/lib/python3.9/site-packages (from torchvision) (2.1.0)
Requirement already satisfied: pillow!=8.3.*,>=5.3.0 in /sfs/qumulo/qhome/brc4cb/.conda/envs/falcon_40B/lib/python3.9/site-packages (from torchvision) (10.0.1)
Requirement already satisfied: filelock in /sfs/qumulo/qhome/brc4cb/.conda/envs/falcon_40B/lib/python3.9/site-packages (from torch==2.1.0->torchvision) (3.9.0)
Requirement already satisfied: typing-extensions in /sfs/qumulo/qhome/brc4cb/.conda/envs/falcon_40B/lib/python3.9/site-packages (from torch==2.1.0->torchvision) (4.4.0)
Requirement already satisfied: sympy in /sfs/qumulo/qhome/brc4cb/.conda/envs/falcon_40B/lib/python3.9/site-packages (from torch==2.1.0->torchvision) (1.11.1)
Requirement already satisfied: networkx in /sfs/qumulo/qhome/brc4cb/.conda/envs/falcon_40B/lib/python3.9/site-packages (from torch==2.1.0->torchvision) (3.0rc1)
Requirement already satisfied: jinja2 in /sfs/qumulo/qhome/brc4cb/.conda/envs/falcon_40B/lib/python3.9/site-packages (from torch==2.1.0->torchvision) (3.1.2)
Requirement already satisfied: fsspec in /sfs/qumulo/qhome/brc4cb/.conda/envs/falcon_40B/lib/python3.9/site-packages (from torch==2.1.0->torchvision) (2023.4.0)
Requirement already satisfied: nvidia-cuda-nvrtc-cu12==12.1.105 in /sfs/qumulo/qhome/brc4cb/.conda/envs/falcon_40B/lib/python3.9/site-packages (from torch==2.1.0->torchvision) (12.1.105)
Requirement already satisfied: nvidia-cuda-runtime-cu12==12.1.105 in /sfs/qumulo/qhome/brc4cb/.conda/envs/falcon_40B/lib/python3.9/site-packages (from torch==2.1.0->torchvision) (12.1.105)
Requirement already satisfied: nvidia-cuda-cupti-cu12==12.1.105 in /sfs/qumulo/qhome/brc4cb/.conda/envs/falcon_40B/lib/python3.9/site-packages (from torch==2.1.0->torchvision) (12.1.105)
Requirement already satisfied: nvidia-cudnn-cu12==8.9.2.26 in /sfs/qumulo/qhome/brc4cb/.conda/envs/falcon_40B/lib/python3.9/site-packages (from torch==2.1.0->torchvision) (8.9.2.26)
Requirement already satisfied: nvidia-cublas-cu12==12.1.3.1 in /sfs/qumulo/qhome/brc4cb/.conda/envs/falcon_40B/lib/python3.9/site-packages (from torch==2.1.0->torchvision) (12.1.3.1)
Requirement already satisfied: nvidia-cufft-cu12==11.0.2.54 in /sfs/qumulo/qhome/brc4cb/.conda/envs/falcon_40B/lib/python3.9/site-packages (from torch==2.1.0->torchvision) (11.0.2.54)
Requirement already satisfied: nvidia-curand-cu12==10.3.2.106 in /sfs/qumulo/qhome/brc4cb/.conda/envs/falcon_40B/lib/python3.9/site-packages (from torch==2.1.0->torchvision) (10.3.2.106)
Requirement already satisfied: nvidia-cusolver-cu12==11.4.5.107 in /sfs/qumulo/qhome/brc4cb/.conda/envs/falcon_40B/lib/python3.9/site-packages (from torch==2.1.0->torchvision) (11.4.5.107)
Requirement already satisfied: nvidia-cusparse-cu12==12.1.0.106 in /sfs/qumulo/qhome/brc4cb/.conda/envs/falcon_40B/lib/python3.9/site-packages (from torch==2.1.0->torchvision) (12.1.0.106)
Requirement already satisfied: nvidia-nccl-cu12==2.18.1 in /sfs/qumulo/qhome/brc4cb/.conda/envs/falcon_40B/lib/python3.9/site-packages (from torch==2.1.0->torchvision) (2.18.1)
Requirement already satisfied: nvidia-nvtx-cu12==12.1.105 in /sfs/qumulo/qhome/brc4cb/.conda/envs/falcon_40B/lib/python3.9/site-packages (from torch==2.1.0->torchvision) (12.1.105)
Requirement already satisfied: triton==2.1.0 in /sfs/qumulo/qhome/brc4cb/.conda/envs/falcon_40B/lib/python3.9/site-packages (from torch==2.1.0->torchvision) (2.1.0)
Requirement already satisfied: nvidia-nvjitlink-cu12 in /sfs/qumulo/qhome/brc4cb/.conda/envs/falcon_40B/lib/python3.9/site-packages (from nvidia-cusolver-cu12==11.4.5.107->torch==2.1.0->torchvision) (12.2.140)
Requirement already satisfied: charset-normalizer<4,>=2 in /sfs/qumulo/qhome/brc4cb/.conda/envs/falcon_40B/lib/python3.9/site-packages (from requests->torchvision) (3.1.0)
Requirement already satisfied: idna<4,>=2.5 in /sfs/qumulo/qhome/brc4cb/.conda/envs/falcon_40B/lib/python3.9/site-packages (from requests->torchvision) (3.4)
Requirement already satisfied: urllib3<3,>=1.21.1 in /sfs/qumulo/qhome/brc4cb/.conda/envs/falcon_40B/lib/python3.9/site-packages (from requests->torchvision) (2.0.3)
Requirement already satisfied: certifi>=2017.4.17 in /sfs/qumulo/qhome/brc4cb/.conda/envs/falcon_40B/lib/python3.9/site-packages (from requests->torchvision) (2023.5.7)
Requirement already satisfied: MarkupSafe>=2.0 in /sfs/qumulo/qhome/brc4cb/.conda/envs/falcon_40B/lib/python3.9/site-packages (from jinja2->torch==2.1.0->torchvision) (2.1.2)
Requirement already satisfied: mpmath>=0.19 in /sfs/qumulo/qhome/brc4cb/.conda/envs/falcon_40B/lib/python3.9/site-packages (from sympy->torch==2.1.0->torchvision) (1.2.1)
Collecting package metadata (current_repodata.json): ...working... done
Solving environment: ...working... done

# All requested packages already installed.

Epoch 1 		 Training Loss: 0.4638843208667822 		 Validation Loss: 0.37893020978663117
Epoch 2 		 Training Loss: 0.4188751267211046 		 Validation Loss: 0.3577411462320015
Epoch 3 		 Training Loss: 0.41592424592818134 		 Validation Loss: 0.34613481257110834
Validation Loss Decreased(45.252428--->44.305256) 	 Saving The Model
Epoch 4 		 Training Loss: 0.3910678778847796 		 Validation Loss: 0.33188781968783587
Validation Loss Decreased(44.305256--->42.481641) 	 Saving The Model
Epoch 5 		 Training Loss: 0.3840609713079175 		 Validation Loss: 0.31255282743950374
Validation Loss Decreased(42.481641--->40.006762) 	 Saving The Model
Epoch 6 		 Training Loss: 0.36108708872052375 		 Validation Loss: 0.314968800987117
Epoch 7 		 Training Loss: 0.36151953934677294 		 Validation Loss: 0.3129237788671162
Epoch 8 		 Training Loss: 0.34788579114137974 		 Validation Loss: 0.29431518295314163
Validation Loss Decreased(40.006762--->37.672343) 	 Saving The Model
Epoch 9 		 Training Loss: 0.3444804607388505 		 Validation Loss: 0.30104418291011825
Epoch 10 		 Training Loss: 0.32880407409902546 		 Validation Loss: 0.30015946048661135
Epoch 11 		 Training Loss: 0.31074973935392336 		 Validation Loss: 0.2612548617180437
Validation Loss Decreased(37.672343--->33.440622) 	 Saving The Model
Epoch 12 		 Training Loss: 0.28153908154854435 		 Validation Loss: 0.2605366351635894
Validation Loss Decreased(33.440622--->33.348689) 	 Saving The Model
Epoch 13 		 Training Loss: 0.2957136441509647 		 Validation Loss: 0.2610545520146843
Epoch 14 		 Training Loss: 0.2797456049811444 		 Validation Loss: 0.2627991018816829
Epoch 15 		 Training Loss: 0.2869338645468815 		 Validation Loss: 0.26157184947805945
Epoch 16 		 Training Loss: 0.2884029555498273 		 Validation Loss: 0.26082687779853586
Epoch 17 		 Training Loss: 0.2907947508356301 		 Validation Loss: 0.25990318566618953
Validation Loss Decreased(33.348689--->33.267608) 	 Saving The Model
Epoch 18 		 Training Loss: 0.27422992527499446 		 Validation Loss: 0.2600656261347467
Epoch 19 		 Training Loss: 0.2853028490462748 		 Validation Loss: 0.26133871760976035
Epoch 20 		 Training Loss: 0.2693224117210775 		 Validation Loss: 0.2606145000900142
Epoch 21 		 Training Loss: 0.28590305671605165 		 Validation Loss: 0.2596797228761716
Validation Loss Decreased(33.267608--->33.239005) 	 Saving The Model
Epoch 22 		 Training Loss: 0.2727358145893959 		 Validation Loss: 0.2592436685808934
Validation Loss Decreased(33.239005--->33.183190) 	 Saving The Model
Epoch 23 		 Training Loss: 0.2772238559609832 		 Validation Loss: 0.2589224327384727
Validation Loss Decreased(33.183190--->33.142071) 	 Saving The Model
Epoch 24 		 Training Loss: 0.263117646532919 		 Validation Loss: 0.2583821258012904
Validation Loss Decreased(33.142071--->33.072912) 	 Saving The Model
Epoch 25 		 Training Loss: 0.27781191548092465 		 Validation Loss: 0.25845069356728345
Epoch 26 		 Training Loss: 0.2693816745013464 		 Validation Loss: 0.2582562660390977
Validation Loss Decreased(33.072912--->33.056802) 	 Saving The Model
Epoch 27 		 Training Loss: 0.2740572666443768 		 Validation Loss: 0.2582430069887778
Validation Loss Decreased(33.056802--->33.055105) 	 Saving The Model
Epoch 28 		 Training Loss: 0.25959780830089585 		 Validation Loss: 0.25809637710335664
Validation Loss Decreased(33.055105--->33.036336) 	 Saving The Model
Epoch 29 		 Training Loss: 0.26604238490835996 		 Validation Loss: 0.25796037606778555
Validation Loss Decreased(33.036336--->33.018928) 	 Saving The Model
Epoch 30 		 Training Loss: 0.2685332613546052 		 Validation Loss: 0.2576263720111456
Validation Loss Decreased(33.018928--->32.976176) 	 Saving The Model
Accuracy of the model: 91.98%
Accuracy of the model: 90.95%
