To execute the default application inside the container, run:
singularity run --nv $CONTAINERDIR/pytorch-2.0.1.sif

This container is based on NGC 23.08
https://docs.nvidia.com/deeplearning/frameworks/pytorch-release-notes/rel-23-08.html#rel-23-08
WARNING: Ignoring invalid distribution -riton-nightly (/sfs/qumulo/qhome/brc4cb/.conda/envs/falcon_40B/lib/python3.9/site-packages)
ERROR: Could not find a version that satisfies the requirement PIL (from versions: none)
ERROR: No matching distribution found for PIL
WARNING: Ignoring invalid distribution -riton-nightly (/sfs/qumulo/qhome/brc4cb/.conda/envs/falcon_40B/lib/python3.9/site-packages)
WARNING: Ignoring invalid distribution -riton-nightly (/sfs/qumulo/qhome/brc4cb/.conda/envs/falcon_40B/lib/python3.9/site-packages)
Using cache found in /home/brc4cb/.cache/torch/hub/pytorch_vision_v0.10.0
Using cache found in /home/brc4cb/.cache/torch/hub/pytorch_vision_v0.10.0
  0%|          | 0/100 [00:00<?, ?it/s]  0%|          | 0/100 [02:24<?, ?it/s]
Traceback (most recent call last):
  File "/sfs/qumulo/qhome/brc4cb/ml3_assignment2/ensemble.py", line 302, in <module>
    train_model(model, optimizer_ft, exp_lr_scheduler, train_loader, valid_loader, criterion, num_epochs = 100)
  File "/sfs/qumulo/qhome/brc4cb/ml3_assignment2/ensemble.py", line 301, in train_model
    torch.save(model.module.state_dict(), 'ensemble.pth')
  File "/home/brc4cb/.conda/envs/falcon_40B/lib/python3.9/site-packages/torch/nn/modules/module.py", line 1695, in __getattr__
    raise AttributeError(f"'{type(self).__name__}' object has no attribute '{name}'")
AttributeError: 'MyEnsemble' object has no attribute 'module'
