To execute the default application inside the container, run:
singularity run --nv $CONTAINERDIR/pytorch-2.0.1.sif

This container is based on NGC 23.08
https://docs.nvidia.com/deeplearning/frameworks/pytorch-release-notes/rel-23-08.html#rel-23-08
WARNING: Ignoring invalid distribution -riton-nightly (/sfs/qumulo/qhome/brc4cb/.conda/envs/falcon_40B/lib/python3.9/site-packages)
ERROR: Could not find a version that satisfies the requirement PIL (from versions: none)
ERROR: No matching distribution found for PIL
WARNING: Ignoring invalid distribution -riton-nightly (/sfs/qumulo/qhome/brc4cb/.conda/envs/falcon_40B/lib/python3.9/site-packages)
WARNING: Ignoring invalid distribution -riton-nightly (/sfs/qumulo/qhome/brc4cb/.conda/envs/falcon_40B/lib/python3.9/site-packages)
Using cache found in /home/brc4cb/.cache/torch/hub/pytorch_vision_v0.10.0
Using cache found in /home/brc4cb/.cache/torch/hub/pytorch_vision_v0.10.0
Traceback (most recent call last):
  File "/sfs/qumulo/qhome/brc4cb/ml3_assignment2/ensemble.py", line 297, in <module>
    train_model(model, optimizer_ft, exp_lr_scheduler, train_loader, valid_loader, criterion, num_epochs = 100)
  File "/sfs/qumulo/qhome/brc4cb/ml3_assignment2/ensemble.py", line 228, in train_model
    preds = model(data_inputs)
  File "/home/brc4cb/.conda/envs/falcon_40B/lib/python3.9/site-packages/torch/nn/modules/module.py", line 1518, in _wrapped_call_impl
    return self._call_impl(*args, **kwargs)
  File "/home/brc4cb/.conda/envs/falcon_40B/lib/python3.9/site-packages/torch/nn/modules/module.py", line 1527, in _call_impl
    return forward_call(*args, **kwargs)
  File "/home/brc4cb/.conda/envs/falcon_40B/lib/python3.9/site-packages/torch/nn/parallel/data_parallel.py", line 171, in forward
    raise RuntimeError("module must have its parameters and buffers "
RuntimeError: module must have its parameters and buffers on device cuda:0 (device_ids[0]) but found one of them on device: cpu
