Requirement already satisfied: pandas in /sfs/qumulo/qhome/brc4cb/.conda/envs/falcon_40B/lib/python3.9/site-packages (from -r requirements.txt (line 1)) (2.0.3)
Collecting pandas (from -r requirements.txt (line 1))
  Using cached pandas-2.1.1-cp39-cp39-manylinux_2_17_x86_64.manylinux2014_x86_64.whl (12.3 MB)
Collecting matplotlib (from -r requirements.txt (line 2))
  Using cached matplotlib-3.8.0-cp39-cp39-manylinux_2_17_x86_64.manylinux2014_x86_64.whl (11.6 MB)
Requirement already satisfied: numpy in /sfs/qumulo/qhome/brc4cb/.conda/envs/falcon_40B/lib/python3.9/site-packages (from -r requirements.txt (line 3)) (1.25.2)
Collecting numpy (from -r requirements.txt (line 3))
  Using cached numpy-1.26.0-cp39-cp39-manylinux_2_17_x86_64.manylinux2014_x86_64.whl (18.2 MB)
Requirement already satisfied: torchvision in /sfs/qumulo/qhome/brc4cb/.conda/envs/falcon_40B/lib/python3.9/site-packages (from -r requirements.txt (line 4)) (0.16.0)
Requirement already satisfied: torchvision in /sfs/qumulo/qhome/brc4cb/.conda/envs/falcon_40B/lib/python3.9/site-packages (0.16.0)
Requirement already satisfied: numpy in /sfs/qumulo/qhome/brc4cb/.conda/envs/falcon_40B/lib/python3.9/site-packages (from torchvision) (1.25.2)
Requirement already satisfied: requests in /sfs/qumulo/qhome/brc4cb/.conda/envs/falcon_40B/lib/python3.9/site-packages (from torchvision) (2.31.0)
Requirement already satisfied: torch==2.1.0 in /sfs/qumulo/qhome/brc4cb/.conda/envs/falcon_40B/lib/python3.9/site-packages (from torchvision) (2.1.0)
Requirement already satisfied: pillow!=8.3.*,>=5.3.0 in /sfs/qumulo/qhome/brc4cb/.conda/envs/falcon_40B/lib/python3.9/site-packages (from torchvision) (10.0.1)
Requirement already satisfied: filelock in /sfs/qumulo/qhome/brc4cb/.conda/envs/falcon_40B/lib/python3.9/site-packages (from torch==2.1.0->torchvision) (3.9.0)
Requirement already satisfied: typing-extensions in /sfs/qumulo/qhome/brc4cb/.conda/envs/falcon_40B/lib/python3.9/site-packages (from torch==2.1.0->torchvision) (4.4.0)
Requirement already satisfied: sympy in /sfs/qumulo/qhome/brc4cb/.conda/envs/falcon_40B/lib/python3.9/site-packages (from torch==2.1.0->torchvision) (1.11.1)
Requirement already satisfied: networkx in /sfs/qumulo/qhome/brc4cb/.conda/envs/falcon_40B/lib/python3.9/site-packages (from torch==2.1.0->torchvision) (3.0rc1)
Requirement already satisfied: jinja2 in /sfs/qumulo/qhome/brc4cb/.conda/envs/falcon_40B/lib/python3.9/site-packages (from torch==2.1.0->torchvision) (3.1.2)
Requirement already satisfied: fsspec in /sfs/qumulo/qhome/brc4cb/.conda/envs/falcon_40B/lib/python3.9/site-packages (from torch==2.1.0->torchvision) (2023.4.0)
Requirement already satisfied: nvidia-cuda-nvrtc-cu12==12.1.105 in /sfs/qumulo/qhome/brc4cb/.conda/envs/falcon_40B/lib/python3.9/site-packages (from torch==2.1.0->torchvision) (12.1.105)
Requirement already satisfied: nvidia-cuda-runtime-cu12==12.1.105 in /sfs/qumulo/qhome/brc4cb/.conda/envs/falcon_40B/lib/python3.9/site-packages (from torch==2.1.0->torchvision) (12.1.105)
Requirement already satisfied: nvidia-cuda-cupti-cu12==12.1.105 in /sfs/qumulo/qhome/brc4cb/.conda/envs/falcon_40B/lib/python3.9/site-packages (from torch==2.1.0->torchvision) (12.1.105)
Requirement already satisfied: nvidia-cudnn-cu12==8.9.2.26 in /sfs/qumulo/qhome/brc4cb/.conda/envs/falcon_40B/lib/python3.9/site-packages (from torch==2.1.0->torchvision) (8.9.2.26)
Requirement already satisfied: nvidia-cublas-cu12==12.1.3.1 in /sfs/qumulo/qhome/brc4cb/.conda/envs/falcon_40B/lib/python3.9/site-packages (from torch==2.1.0->torchvision) (12.1.3.1)
Requirement already satisfied: nvidia-cufft-cu12==11.0.2.54 in /sfs/qumulo/qhome/brc4cb/.conda/envs/falcon_40B/lib/python3.9/site-packages (from torch==2.1.0->torchvision) (11.0.2.54)
Requirement already satisfied: nvidia-curand-cu12==10.3.2.106 in /sfs/qumulo/qhome/brc4cb/.conda/envs/falcon_40B/lib/python3.9/site-packages (from torch==2.1.0->torchvision) (10.3.2.106)
Requirement already satisfied: nvidia-cusolver-cu12==11.4.5.107 in /sfs/qumulo/qhome/brc4cb/.conda/envs/falcon_40B/lib/python3.9/site-packages (from torch==2.1.0->torchvision) (11.4.5.107)
Requirement already satisfied: nvidia-cusparse-cu12==12.1.0.106 in /sfs/qumulo/qhome/brc4cb/.conda/envs/falcon_40B/lib/python3.9/site-packages (from torch==2.1.0->torchvision) (12.1.0.106)
Requirement already satisfied: nvidia-nccl-cu12==2.18.1 in /sfs/qumulo/qhome/brc4cb/.conda/envs/falcon_40B/lib/python3.9/site-packages (from torch==2.1.0->torchvision) (2.18.1)
Requirement already satisfied: nvidia-nvtx-cu12==12.1.105 in /sfs/qumulo/qhome/brc4cb/.conda/envs/falcon_40B/lib/python3.9/site-packages (from torch==2.1.0->torchvision) (12.1.105)
Requirement already satisfied: triton==2.1.0 in /sfs/qumulo/qhome/brc4cb/.conda/envs/falcon_40B/lib/python3.9/site-packages (from torch==2.1.0->torchvision) (2.1.0)
Requirement already satisfied: nvidia-nvjitlink-cu12 in /sfs/qumulo/qhome/brc4cb/.conda/envs/falcon_40B/lib/python3.9/site-packages (from nvidia-cusolver-cu12==11.4.5.107->torch==2.1.0->torchvision) (12.2.140)
Requirement already satisfied: charset-normalizer<4,>=2 in /sfs/qumulo/qhome/brc4cb/.conda/envs/falcon_40B/lib/python3.9/site-packages (from requests->torchvision) (3.1.0)
Requirement already satisfied: idna<4,>=2.5 in /sfs/qumulo/qhome/brc4cb/.conda/envs/falcon_40B/lib/python3.9/site-packages (from requests->torchvision) (3.4)
Requirement already satisfied: urllib3<3,>=1.21.1 in /sfs/qumulo/qhome/brc4cb/.conda/envs/falcon_40B/lib/python3.9/site-packages (from requests->torchvision) (2.0.3)
Requirement already satisfied: certifi>=2017.4.17 in /sfs/qumulo/qhome/brc4cb/.conda/envs/falcon_40B/lib/python3.9/site-packages (from requests->torchvision) (2023.5.7)
Requirement already satisfied: MarkupSafe>=2.0 in /sfs/qumulo/qhome/brc4cb/.conda/envs/falcon_40B/lib/python3.9/site-packages (from jinja2->torch==2.1.0->torchvision) (2.1.2)
Requirement already satisfied: mpmath>=0.19 in /sfs/qumulo/qhome/brc4cb/.conda/envs/falcon_40B/lib/python3.9/site-packages (from sympy->torch==2.1.0->torchvision) (1.2.1)
Collecting package metadata (current_repodata.json): ...working... done
Solving environment: ...working... done

# All requested packages already installed.

Epoch 1 		 Training Loss: 0.4766954663209617 		 Validation Loss: 0.2816628385335207
Validation Loss Decreased(4.736958--->4.506605) 	 Saving The Model
Epoch 2 		 Training Loss: 0.40371477347798645 		 Validation Loss: 0.2655268609523773
Validation Loss Decreased(4.506605--->4.248430) 	 Saving The Model
Epoch 3 		 Training Loss: 0.3878016152884811 		 Validation Loss: 0.25840210635215044
Validation Loss Decreased(4.248430--->4.134434) 	 Saving The Model
Epoch 4 		 Training Loss: 0.35123739251866937 		 Validation Loss: 0.24647098686546087
Validation Loss Decreased(4.134434--->3.943536) 	 Saving The Model
Epoch 5 		 Training Loss: 0.3601651731878519 		 Validation Loss: 0.24755532387644053
Epoch 6 		 Training Loss: 0.3266030626837164 		 Validation Loss: 0.234421880915761
Validation Loss Decreased(3.943536--->3.750750) 	 Saving The Model
Epoch 7 		 Training Loss: 0.3294426710344851 		 Validation Loss: 0.2322541270405054
Validation Loss Decreased(3.750750--->3.716066) 	 Saving The Model
Epoch 8 		 Training Loss: 0.3047954991925508 		 Validation Loss: 0.2374119944870472
Epoch 9 		 Training Loss: 0.3097692334558815 		 Validation Loss: 0.22517306450754404
Validation Loss Decreased(3.716066--->3.602769) 	 Saving The Model
Epoch 10 		 Training Loss: 0.3016410714481026 		 Validation Loss: 0.23020315822213888
Epoch 11 		 Training Loss: 0.3436640789732337 		 Validation Loss: 0.21450914070010185
Validation Loss Decreased(3.602769--->3.432146) 	 Saving The Model
Epoch 12 		 Training Loss: 0.32964499248191714 		 Validation Loss: 0.21272540092468262
Validation Loss Decreased(3.432146--->3.403606) 	 Saving The Model
Epoch 13 		 Training Loss: 0.323993522208184 		 Validation Loss: 0.21123358141630888
Validation Loss Decreased(3.403606--->3.379737) 	 Saving The Model
Epoch 14 		 Training Loss: 0.3177183251827955 		 Validation Loss: 0.21262078266590834
Epoch 15 		 Training Loss: 0.32113675423897803 		 Validation Loss: 0.2130042454227805
Epoch 16 		 Training Loss: 0.3068062048405409 		 Validation Loss: 0.21174828801304102
Epoch 17 		 Training Loss: 0.31898558931425214 		 Validation Loss: 0.21268884744495153
Epoch 18 		 Training Loss: 0.3199832555837929 		 Validation Loss: 0.2125903842970729
Epoch 19 		 Training Loss: 0.31673979409970343 		 Validation Loss: 0.21172367222607136
Epoch 20 		 Training Loss: 0.31114264274947345 		 Validation Loss: 0.2129612397402525
Epoch 21 		 Training Loss: 0.3082834887318313 		 Validation Loss: 0.21222586277872324
Epoch 22 		 Training Loss: 0.30077333142980933 		 Validation Loss: 0.2118566781282425
Epoch 23 		 Training Loss: 0.31994588836096227 		 Validation Loss: 0.21118164714425802
Validation Loss Decreased(3.379737--->3.378906) 	 Saving The Model
Epoch 24 		 Training Loss: 0.3144538125488907 		 Validation Loss: 0.2115103742107749
Epoch 25 		 Training Loss: 0.3010625203605741 		 Validation Loss: 0.21145125664770603
Epoch 26 		 Training Loss: 0.31510221655480564 		 Validation Loss: 0.21141626685857773
Epoch 27 		 Training Loss: 0.29645413043908775 		 Validation Loss: 0.21155114751309156
Epoch 28 		 Training Loss: 0.3121946891769767 		 Validation Loss: 0.21097777131944895
Validation Loss Decreased(3.378906--->3.375644) 	 Saving The Model
Epoch 29 		 Training Loss: 0.30575656122528017 		 Validation Loss: 0.21080653741955757
Validation Loss Decreased(3.375644--->3.372905) 	 Saving The Model
Epoch 30 		 Training Loss: 0.2973422762006521 		 Validation Loss: 0.21077752858400345
Validation Loss Decreased(3.372905--->3.372440) 	 Saving The Model
Epoch 31 		 Training Loss: 0.3142639356665313 		 Validation Loss: 0.2105304254218936
Validation Loss Decreased(3.372440--->3.368487) 	 Saving The Model
Epoch 32 		 Training Loss: 0.30763579974882305 		 Validation Loss: 0.21031737234443426
Validation Loss Decreased(3.368487--->3.365078) 	 Saving The Model
Epoch 33 		 Training Loss: 0.32067653769627213 		 Validation Loss: 0.21050909534096718
Epoch 34 		 Training Loss: 0.3068713080137968 		 Validation Loss: 0.21044948603957891
Epoch 35 		 Training Loss: 0.31255263229832053 		 Validation Loss: 0.2105512823909521
Epoch 36 		 Training Loss: 0.3108633116353303 		 Validation Loss: 0.21012617461383343
Validation Loss Decreased(3.365078--->3.362019) 	 Saving The Model
Epoch 37 		 Training Loss: 0.30720285046845675 		 Validation Loss: 0.2109490931034088
Epoch 38 		 Training Loss: 0.3076593610458076 		 Validation Loss: 0.21058730222284794
Epoch 39 		 Training Loss: 0.3085730446036905 		 Validation Loss: 0.21097950264811516
Epoch 40 		 Training Loss: 0.31084465445019305 		 Validation Loss: 0.21051847096532583
Epoch 41 		 Training Loss: 0.30051104887388647 		 Validation Loss: 0.21066210884600878
Epoch 42 		 Training Loss: 0.2979067505802959 		 Validation Loss: 0.2099695336073637
Validation Loss Decreased(3.362019--->3.359513) 	 Saving The Model
Epoch 43 		 Training Loss: 0.315880143083632 		 Validation Loss: 0.21060845162719488
Epoch 44 		 Training Loss: 0.3027107799425721 		 Validation Loss: 0.21065196208655834
Epoch 45 		 Training Loss: 0.30882744677364826 		 Validation Loss: 0.21096584014594555
Epoch 46 		 Training Loss: 0.3118515620008111 		 Validation Loss: 0.21029361709952354
Epoch 47 		 Training Loss: 0.30757295805960894 		 Validation Loss: 0.2109303530305624
Epoch 48 		 Training Loss: 0.3135125027038157 		 Validation Loss: 0.21023603156208992
Epoch 49 		 Training Loss: 0.313192630186677 		 Validation Loss: 0.21084459405392408
Epoch 50 		 Training Loss: 0.3045142097398639 		 Validation Loss: 0.21037635020911694
Accuracy of the model: 93.60%
Accuracy of the model: 94.08%
