Requirement already satisfied: pandas in /sfs/qumulo/qhome/brc4cb/.conda/envs/falcon_40B/lib/python3.9/site-packages (from -r requirements.txt (line 1)) (2.0.3)
Collecting pandas (from -r requirements.txt (line 1))
  Using cached pandas-2.1.1-cp39-cp39-manylinux_2_17_x86_64.manylinux2014_x86_64.whl (12.3 MB)
Collecting matplotlib (from -r requirements.txt (line 2))
  Using cached matplotlib-3.8.0-cp39-cp39-manylinux_2_17_x86_64.manylinux2014_x86_64.whl (11.6 MB)
Requirement already satisfied: numpy in /sfs/qumulo/qhome/brc4cb/.conda/envs/falcon_40B/lib/python3.9/site-packages (from -r requirements.txt (line 3)) (1.25.2)
Collecting numpy (from -r requirements.txt (line 3))
  Using cached numpy-1.26.0-cp39-cp39-manylinux_2_17_x86_64.manylinux2014_x86_64.whl (18.2 MB)
Requirement already satisfied: torchvision in /sfs/qumulo/qhome/brc4cb/.conda/envs/falcon_40B/lib/python3.9/site-packages (from -r requirements.txt (line 4)) (0.16.0)
Requirement already satisfied: torchvision in /sfs/qumulo/qhome/brc4cb/.conda/envs/falcon_40B/lib/python3.9/site-packages (0.16.0)
Requirement already satisfied: numpy in /sfs/qumulo/qhome/brc4cb/.conda/envs/falcon_40B/lib/python3.9/site-packages (from torchvision) (1.25.2)
Requirement already satisfied: requests in /sfs/qumulo/qhome/brc4cb/.conda/envs/falcon_40B/lib/python3.9/site-packages (from torchvision) (2.31.0)
Requirement already satisfied: torch==2.1.0 in /sfs/qumulo/qhome/brc4cb/.conda/envs/falcon_40B/lib/python3.9/site-packages (from torchvision) (2.1.0)
Requirement already satisfied: pillow!=8.3.*,>=5.3.0 in /sfs/qumulo/qhome/brc4cb/.conda/envs/falcon_40B/lib/python3.9/site-packages (from torchvision) (10.0.1)
Requirement already satisfied: filelock in /sfs/qumulo/qhome/brc4cb/.conda/envs/falcon_40B/lib/python3.9/site-packages (from torch==2.1.0->torchvision) (3.9.0)
Requirement already satisfied: typing-extensions in /sfs/qumulo/qhome/brc4cb/.conda/envs/falcon_40B/lib/python3.9/site-packages (from torch==2.1.0->torchvision) (4.4.0)
Requirement already satisfied: sympy in /sfs/qumulo/qhome/brc4cb/.conda/envs/falcon_40B/lib/python3.9/site-packages (from torch==2.1.0->torchvision) (1.11.1)
Requirement already satisfied: networkx in /sfs/qumulo/qhome/brc4cb/.conda/envs/falcon_40B/lib/python3.9/site-packages (from torch==2.1.0->torchvision) (3.0rc1)
Requirement already satisfied: jinja2 in /sfs/qumulo/qhome/brc4cb/.conda/envs/falcon_40B/lib/python3.9/site-packages (from torch==2.1.0->torchvision) (3.1.2)
Requirement already satisfied: fsspec in /sfs/qumulo/qhome/brc4cb/.conda/envs/falcon_40B/lib/python3.9/site-packages (from torch==2.1.0->torchvision) (2023.4.0)
Requirement already satisfied: nvidia-cuda-nvrtc-cu12==12.1.105 in /sfs/qumulo/qhome/brc4cb/.conda/envs/falcon_40B/lib/python3.9/site-packages (from torch==2.1.0->torchvision) (12.1.105)
Requirement already satisfied: nvidia-cuda-runtime-cu12==12.1.105 in /sfs/qumulo/qhome/brc4cb/.conda/envs/falcon_40B/lib/python3.9/site-packages (from torch==2.1.0->torchvision) (12.1.105)
Requirement already satisfied: nvidia-cuda-cupti-cu12==12.1.105 in /sfs/qumulo/qhome/brc4cb/.conda/envs/falcon_40B/lib/python3.9/site-packages (from torch==2.1.0->torchvision) (12.1.105)
Requirement already satisfied: nvidia-cudnn-cu12==8.9.2.26 in /sfs/qumulo/qhome/brc4cb/.conda/envs/falcon_40B/lib/python3.9/site-packages (from torch==2.1.0->torchvision) (8.9.2.26)
Requirement already satisfied: nvidia-cublas-cu12==12.1.3.1 in /sfs/qumulo/qhome/brc4cb/.conda/envs/falcon_40B/lib/python3.9/site-packages (from torch==2.1.0->torchvision) (12.1.3.1)
Requirement already satisfied: nvidia-cufft-cu12==11.0.2.54 in /sfs/qumulo/qhome/brc4cb/.conda/envs/falcon_40B/lib/python3.9/site-packages (from torch==2.1.0->torchvision) (11.0.2.54)
Requirement already satisfied: nvidia-curand-cu12==10.3.2.106 in /sfs/qumulo/qhome/brc4cb/.conda/envs/falcon_40B/lib/python3.9/site-packages (from torch==2.1.0->torchvision) (10.3.2.106)
Requirement already satisfied: nvidia-cusolver-cu12==11.4.5.107 in /sfs/qumulo/qhome/brc4cb/.conda/envs/falcon_40B/lib/python3.9/site-packages (from torch==2.1.0->torchvision) (11.4.5.107)
Requirement already satisfied: nvidia-cusparse-cu12==12.1.0.106 in /sfs/qumulo/qhome/brc4cb/.conda/envs/falcon_40B/lib/python3.9/site-packages (from torch==2.1.0->torchvision) (12.1.0.106)
Requirement already satisfied: nvidia-nccl-cu12==2.18.1 in /sfs/qumulo/qhome/brc4cb/.conda/envs/falcon_40B/lib/python3.9/site-packages (from torch==2.1.0->torchvision) (2.18.1)
Requirement already satisfied: nvidia-nvtx-cu12==12.1.105 in /sfs/qumulo/qhome/brc4cb/.conda/envs/falcon_40B/lib/python3.9/site-packages (from torch==2.1.0->torchvision) (12.1.105)
Requirement already satisfied: triton==2.1.0 in /sfs/qumulo/qhome/brc4cb/.conda/envs/falcon_40B/lib/python3.9/site-packages (from torch==2.1.0->torchvision) (2.1.0)
Requirement already satisfied: nvidia-nvjitlink-cu12 in /sfs/qumulo/qhome/brc4cb/.conda/envs/falcon_40B/lib/python3.9/site-packages (from nvidia-cusolver-cu12==11.4.5.107->torch==2.1.0->torchvision) (12.2.140)
Requirement already satisfied: charset-normalizer<4,>=2 in /sfs/qumulo/qhome/brc4cb/.conda/envs/falcon_40B/lib/python3.9/site-packages (from requests->torchvision) (3.1.0)
Requirement already satisfied: idna<4,>=2.5 in /sfs/qumulo/qhome/brc4cb/.conda/envs/falcon_40B/lib/python3.9/site-packages (from requests->torchvision) (3.4)
Requirement already satisfied: urllib3<3,>=1.21.1 in /sfs/qumulo/qhome/brc4cb/.conda/envs/falcon_40B/lib/python3.9/site-packages (from requests->torchvision) (2.0.3)
Requirement already satisfied: certifi>=2017.4.17 in /sfs/qumulo/qhome/brc4cb/.conda/envs/falcon_40B/lib/python3.9/site-packages (from requests->torchvision) (2023.5.7)
Requirement already satisfied: MarkupSafe>=2.0 in /sfs/qumulo/qhome/brc4cb/.conda/envs/falcon_40B/lib/python3.9/site-packages (from jinja2->torch==2.1.0->torchvision) (2.1.2)
Requirement already satisfied: mpmath>=0.19 in /sfs/qumulo/qhome/brc4cb/.conda/envs/falcon_40B/lib/python3.9/site-packages (from sympy->torch==2.1.0->torchvision) (1.2.1)
Collecting package metadata (current_repodata.json): ...working... done
Solving environment: ...working... done

# All requested packages already installed.

Epoch 1 		 Training Loss: 0.15300832729553804 		 Validation Loss: 0.20574402157217264
Epoch 2 		 Training Loss: 0.1433299572672695 		 Validation Loss: 0.20326290000230074
Epoch 3 		 Training Loss: 0.1371102686971426 		 Validation Loss: 0.19960319437086582
Epoch 4 		 Training Loss: 0.13587516837287694 		 Validation Loss: 0.20164521411061287
Epoch 5 		 Training Loss: 0.13593424850841984 		 Validation Loss: 0.20507665816694498
Epoch 6 		 Training Loss: 0.13814445392927155 		 Validation Loss: 0.2045453917235136
Epoch 7 		 Training Loss: 0.13955877325497568 		 Validation Loss: 0.20455467700958252
Epoch 8 		 Training Loss: 0.13822863664245233 		 Validation Loss: 0.2153293089941144
Epoch 9 		 Training Loss: 0.13247400266118348 		 Validation Loss: 0.20126989856362343
Epoch 10 		 Training Loss: 0.14089534350205213 		 Validation Loss: 0.2061746483668685
Epoch 11 		 Training Loss: 0.15448160178493708 		 Validation Loss: 0.1926966207101941
Epoch 12 		 Training Loss: 0.1448534742812626 		 Validation Loss: 0.1936742290854454
Epoch 13 		 Training Loss: 0.14451043389271945 		 Validation Loss: 0.19259656965732574
Epoch 14 		 Training Loss: 0.14807563181966543 		 Validation Loss: 0.1924911355599761
Epoch 15 		 Training Loss: 0.14416045823600143 		 Validation Loss: 0.19196228124201298
Epoch 16 		 Training Loss: 0.14067009463906288 		 Validation Loss: 0.19347548577934504
Epoch 17 		 Training Loss: 0.1485521411523223 		 Validation Loss: 0.19302877318114042
Epoch 18 		 Training Loss: 0.14559886167990044 		 Validation Loss: 0.1929097305983305
Epoch 19 		 Training Loss: 0.1470250808633864 		 Validation Loss: 0.19231930375099182
Epoch 20 		 Training Loss: 0.14138102036667988 		 Validation Loss: 0.1937275528907776
Epoch 21 		 Training Loss: 0.13612126419320703 		 Validation Loss: 0.19396595284342766
Epoch 22 		 Training Loss: 0.14490036212373525 		 Validation Loss: 0.1934816474094987
Epoch 23 		 Training Loss: 0.1398128453292884 		 Validation Loss: 0.19361658953130245
Epoch 24 		 Training Loss: 0.1435333990957588 		 Validation Loss: 0.19350149296224117
Epoch 25 		 Training Loss: 0.1489317974774167 		 Validation Loss: 0.19286800455302
Epoch 26 		 Training Loss: 0.15085852064657956 		 Validation Loss: 0.19296529609709978
Epoch 27 		 Training Loss: 0.14202106150332838 		 Validation Loss: 0.19325601030141115
Epoch 28 		 Training Loss: 0.1396240886533633 		 Validation Loss: 0.19290532916784286
Epoch 29 		 Training Loss: 0.14851779723539948 		 Validation Loss: 0.19257632922381163
Epoch 30 		 Training Loss: 0.15444694506004453 		 Validation Loss: 0.1923563303425908
Epoch 31 		 Training Loss: 0.13721136323874816 		 Validation Loss: 0.19194778986275196
Epoch 32 		 Training Loss: 0.13918000820558518 		 Validation Loss: 0.19235588889569044
Epoch 33 		 Training Loss: 0.14790856838226318 		 Validation Loss: 0.1919574262574315
Epoch 34 		 Training Loss: 0.13917907985160127 		 Validation Loss: 0.19178674090653658
Epoch 35 		 Training Loss: 0.14651179680367932 		 Validation Loss: 0.1917549828067422
Epoch 36 		 Training Loss: 0.14783977495972067 		 Validation Loss: 0.1922171749174595
Epoch 37 		 Training Loss: 0.13433710735989735 		 Validation Loss: 0.19228483736515045
Epoch 38 		 Training Loss: 0.14540527743520215 		 Validation Loss: 0.19218439050018787
Epoch 39 		 Training Loss: 0.1397574802977033 		 Validation Loss: 0.19238184858113527
Epoch 40 		 Training Loss: 0.14695105026476085 		 Validation Loss: 0.19218309503048658
Epoch 41 		 Training Loss: 0.14462952996836975 		 Validation Loss: 0.1920644324272871
Epoch 42 		 Training Loss: 0.15397855476476252 		 Validation Loss: 0.19232078827917576
Epoch 43 		 Training Loss: 0.14715774927753955 		 Validation Loss: 0.19211208913475275
Epoch 44 		 Training Loss: 0.14078173879534006 		 Validation Loss: 0.19225132651627064
Epoch 45 		 Training Loss: 0.14453091233735904 		 Validation Loss: 0.19241570588201284
Epoch 46 		 Training Loss: 0.14126641140319407 		 Validation Loss: 0.19211894646286964
Epoch 47 		 Training Loss: 0.13705071836011484 		 Validation Loss: 0.19219896476715803
Epoch 48 		 Training Loss: 0.14070616470417008 		 Validation Loss: 0.19277049414813519
Epoch 49 		 Training Loss: 0.1427489587222226 		 Validation Loss: 0.19175481889396906
Epoch 50 		 Training Loss: 0.14509892207570374 		 Validation Loss: 0.19291480537503958
Accuracy of the model: 95.46%
Accuracy of the model: 94.43%
