Requirement already satisfied: pandas in /sfs/qumulo/qhome/brc4cb/.conda/envs/falcon_40B/lib/python3.9/site-packages (from -r requirements.txt (line 1)) (2.0.3)
Collecting pandas (from -r requirements.txt (line 1))
  Using cached pandas-2.1.1-cp39-cp39-manylinux_2_17_x86_64.manylinux2014_x86_64.whl (12.3 MB)
Collecting matplotlib (from -r requirements.txt (line 2))
  Using cached matplotlib-3.8.0-cp39-cp39-manylinux_2_17_x86_64.manylinux2014_x86_64.whl (11.6 MB)
Requirement already satisfied: numpy in /sfs/qumulo/qhome/brc4cb/.conda/envs/falcon_40B/lib/python3.9/site-packages (from -r requirements.txt (line 3)) (1.25.2)
Collecting numpy (from -r requirements.txt (line 3))
  Using cached numpy-1.26.0-cp39-cp39-manylinux_2_17_x86_64.manylinux2014_x86_64.whl (18.2 MB)
Requirement already satisfied: torchvision in /sfs/qumulo/qhome/brc4cb/.conda/envs/falcon_40B/lib/python3.9/site-packages (from -r requirements.txt (line 4)) (0.16.0)
Requirement already satisfied: torchvision in /sfs/qumulo/qhome/brc4cb/.conda/envs/falcon_40B/lib/python3.9/site-packages (0.16.0)
Requirement already satisfied: numpy in /sfs/qumulo/qhome/brc4cb/.conda/envs/falcon_40B/lib/python3.9/site-packages (from torchvision) (1.25.2)
Requirement already satisfied: requests in /sfs/qumulo/qhome/brc4cb/.conda/envs/falcon_40B/lib/python3.9/site-packages (from torchvision) (2.31.0)
Requirement already satisfied: torch==2.1.0 in /sfs/qumulo/qhome/brc4cb/.conda/envs/falcon_40B/lib/python3.9/site-packages (from torchvision) (2.1.0)
Requirement already satisfied: pillow!=8.3.*,>=5.3.0 in /sfs/qumulo/qhome/brc4cb/.conda/envs/falcon_40B/lib/python3.9/site-packages (from torchvision) (10.0.1)
Requirement already satisfied: filelock in /sfs/qumulo/qhome/brc4cb/.conda/envs/falcon_40B/lib/python3.9/site-packages (from torch==2.1.0->torchvision) (3.9.0)
Requirement already satisfied: typing-extensions in /sfs/qumulo/qhome/brc4cb/.conda/envs/falcon_40B/lib/python3.9/site-packages (from torch==2.1.0->torchvision) (4.4.0)
Requirement already satisfied: sympy in /sfs/qumulo/qhome/brc4cb/.conda/envs/falcon_40B/lib/python3.9/site-packages (from torch==2.1.0->torchvision) (1.11.1)
Requirement already satisfied: networkx in /sfs/qumulo/qhome/brc4cb/.conda/envs/falcon_40B/lib/python3.9/site-packages (from torch==2.1.0->torchvision) (3.0rc1)
Requirement already satisfied: jinja2 in /sfs/qumulo/qhome/brc4cb/.conda/envs/falcon_40B/lib/python3.9/site-packages (from torch==2.1.0->torchvision) (3.1.2)
Requirement already satisfied: fsspec in /sfs/qumulo/qhome/brc4cb/.conda/envs/falcon_40B/lib/python3.9/site-packages (from torch==2.1.0->torchvision) (2023.4.0)
Requirement already satisfied: nvidia-cuda-nvrtc-cu12==12.1.105 in /sfs/qumulo/qhome/brc4cb/.conda/envs/falcon_40B/lib/python3.9/site-packages (from torch==2.1.0->torchvision) (12.1.105)
Requirement already satisfied: nvidia-cuda-runtime-cu12==12.1.105 in /sfs/qumulo/qhome/brc4cb/.conda/envs/falcon_40B/lib/python3.9/site-packages (from torch==2.1.0->torchvision) (12.1.105)
Requirement already satisfied: nvidia-cuda-cupti-cu12==12.1.105 in /sfs/qumulo/qhome/brc4cb/.conda/envs/falcon_40B/lib/python3.9/site-packages (from torch==2.1.0->torchvision) (12.1.105)
Requirement already satisfied: nvidia-cudnn-cu12==8.9.2.26 in /sfs/qumulo/qhome/brc4cb/.conda/envs/falcon_40B/lib/python3.9/site-packages (from torch==2.1.0->torchvision) (8.9.2.26)
Requirement already satisfied: nvidia-cublas-cu12==12.1.3.1 in /sfs/qumulo/qhome/brc4cb/.conda/envs/falcon_40B/lib/python3.9/site-packages (from torch==2.1.0->torchvision) (12.1.3.1)
Requirement already satisfied: nvidia-cufft-cu12==11.0.2.54 in /sfs/qumulo/qhome/brc4cb/.conda/envs/falcon_40B/lib/python3.9/site-packages (from torch==2.1.0->torchvision) (11.0.2.54)
Requirement already satisfied: nvidia-curand-cu12==10.3.2.106 in /sfs/qumulo/qhome/brc4cb/.conda/envs/falcon_40B/lib/python3.9/site-packages (from torch==2.1.0->torchvision) (10.3.2.106)
Requirement already satisfied: nvidia-cusolver-cu12==11.4.5.107 in /sfs/qumulo/qhome/brc4cb/.conda/envs/falcon_40B/lib/python3.9/site-packages (from torch==2.1.0->torchvision) (11.4.5.107)
Requirement already satisfied: nvidia-cusparse-cu12==12.1.0.106 in /sfs/qumulo/qhome/brc4cb/.conda/envs/falcon_40B/lib/python3.9/site-packages (from torch==2.1.0->torchvision) (12.1.0.106)
Requirement already satisfied: nvidia-nccl-cu12==2.18.1 in /sfs/qumulo/qhome/brc4cb/.conda/envs/falcon_40B/lib/python3.9/site-packages (from torch==2.1.0->torchvision) (2.18.1)
Requirement already satisfied: nvidia-nvtx-cu12==12.1.105 in /sfs/qumulo/qhome/brc4cb/.conda/envs/falcon_40B/lib/python3.9/site-packages (from torch==2.1.0->torchvision) (12.1.105)
Requirement already satisfied: triton==2.1.0 in /sfs/qumulo/qhome/brc4cb/.conda/envs/falcon_40B/lib/python3.9/site-packages (from torch==2.1.0->torchvision) (2.1.0)
Requirement already satisfied: nvidia-nvjitlink-cu12 in /sfs/qumulo/qhome/brc4cb/.conda/envs/falcon_40B/lib/python3.9/site-packages (from nvidia-cusolver-cu12==11.4.5.107->torch==2.1.0->torchvision) (12.2.140)
Requirement already satisfied: charset-normalizer<4,>=2 in /sfs/qumulo/qhome/brc4cb/.conda/envs/falcon_40B/lib/python3.9/site-packages (from requests->torchvision) (3.1.0)
Requirement already satisfied: idna<4,>=2.5 in /sfs/qumulo/qhome/brc4cb/.conda/envs/falcon_40B/lib/python3.9/site-packages (from requests->torchvision) (3.4)
Requirement already satisfied: urllib3<3,>=1.21.1 in /sfs/qumulo/qhome/brc4cb/.conda/envs/falcon_40B/lib/python3.9/site-packages (from requests->torchvision) (2.0.3)
Requirement already satisfied: certifi>=2017.4.17 in /sfs/qumulo/qhome/brc4cb/.conda/envs/falcon_40B/lib/python3.9/site-packages (from requests->torchvision) (2023.5.7)
Requirement already satisfied: MarkupSafe>=2.0 in /sfs/qumulo/qhome/brc4cb/.conda/envs/falcon_40B/lib/python3.9/site-packages (from jinja2->torch==2.1.0->torchvision) (2.1.2)
Requirement already satisfied: mpmath>=0.19 in /sfs/qumulo/qhome/brc4cb/.conda/envs/falcon_40B/lib/python3.9/site-packages (from sympy->torch==2.1.0->torchvision) (1.2.1)
Collecting package metadata (current_repodata.json): ...working... done
Solving environment: ...working... done

# All requested packages already installed.

Epoch 1 		 Training Loss: 0.41833003680221736 		 Validation Loss: 0.2719170115888119
Validation Loss Decreased(4.785902--->4.350672) 	 Saving The Model
Epoch 2 		 Training Loss: 0.3772528716363013 		 Validation Loss: 0.25777001585811377
Validation Loss Decreased(4.350672--->4.124320) 	 Saving The Model
Epoch 3 		 Training Loss: 0.34067356097511947 		 Validation Loss: 0.2456205515190959
Validation Loss Decreased(4.124320--->3.929929) 	 Saving The Model
Epoch 4 		 Training Loss: 0.3128361713606864 		 Validation Loss: 0.23720684740692377
Validation Loss Decreased(3.929929--->3.795310) 	 Saving The Model
Epoch 5 		 Training Loss: 0.3068886899854988 		 Validation Loss: 0.23138237930834293
Validation Loss Decreased(3.795310--->3.702118) 	 Saving The Model
Epoch 6 		 Training Loss: 0.3000787333585322 		 Validation Loss: 0.22536058351397514
Validation Loss Decreased(3.702118--->3.605769) 	 Saving The Model
Epoch 7 		 Training Loss: 0.2801174137275666 		 Validation Loss: 0.21888329461216927
Validation Loss Decreased(3.605769--->3.502133) 	 Saving The Model
Epoch 8 		 Training Loss: 0.2787537844851613 		 Validation Loss: 0.21415773499757051
Validation Loss Decreased(3.502133--->3.426524) 	 Saving The Model
Epoch 9 		 Training Loss: 0.26677045063115656 		 Validation Loss: 0.21255000587552786
Validation Loss Decreased(3.426524--->3.400800) 	 Saving The Model
Epoch 10 		 Training Loss: 0.2621544625144452 		 Validation Loss: 0.21205353736877441
Validation Loss Decreased(3.400800--->3.392857) 	 Saving The Model
Epoch 11 		 Training Loss: 0.2780232548248023 		 Validation Loss: 0.2035954501479864
Validation Loss Decreased(3.392857--->3.257527) 	 Saving The Model
Epoch 12 		 Training Loss: 0.26907663769088686 		 Validation Loss: 0.20263204537332058
Validation Loss Decreased(3.257527--->3.242113) 	 Saving The Model
Epoch 13 		 Training Loss: 0.26294982386752963 		 Validation Loss: 0.20303706638514996
Epoch 14 		 Training Loss: 0.2657964015379548 		 Validation Loss: 0.20213353633880615
Validation Loss Decreased(3.242113--->3.234137) 	 Saving The Model
Epoch 15 		 Training Loss: 0.26642484846524894 		 Validation Loss: 0.20181302167475224
Validation Loss Decreased(3.234137--->3.229008) 	 Saving The Model
Epoch 16 		 Training Loss: 0.2529771910049021 		 Validation Loss: 0.20103976130485535
Validation Loss Decreased(3.229008--->3.216636) 	 Saving The Model
Epoch 17 		 Training Loss: 0.25748027209192514 		 Validation Loss: 0.20031180139631033
Validation Loss Decreased(3.216636--->3.204989) 	 Saving The Model
Epoch 18 		 Training Loss: 0.2527301113586873 		 Validation Loss: 0.1996265584602952
Validation Loss Decreased(3.204989--->3.194025) 	 Saving The Model
Epoch 19 		 Training Loss: 0.25504362559877336 		 Validation Loss: 0.20079880394041538
Epoch 20 		 Training Loss: 0.25869105267338455 		 Validation Loss: 0.20018772408366203
Epoch 21 		 Training Loss: 0.25863888766616583 		 Validation Loss: 0.20005370117723942
Epoch 22 		 Training Loss: 0.2621181118302047 		 Validation Loss: 0.20002897642552853
Epoch 23 		 Training Loss: 0.25577738345600665 		 Validation Loss: 0.20000081695616245
Epoch 24 		 Training Loss: 0.25696898763999343 		 Validation Loss: 0.19960318692028522
Validation Loss Decreased(3.194025--->3.193651) 	 Saving The Model
Epoch 25 		 Training Loss: 0.24521860852837563 		 Validation Loss: 0.1996706072241068
Epoch 26 		 Training Loss: 0.2536681849742308 		 Validation Loss: 0.1994552668184042
Validation Loss Decreased(3.193651--->3.191284) 	 Saving The Model
Epoch 27 		 Training Loss: 0.2617494612932205 		 Validation Loss: 0.19988538417965174
Epoch 28 		 Training Loss: 0.2593858567997813 		 Validation Loss: 0.19884637277573347
Validation Loss Decreased(3.191284--->3.181542) 	 Saving The Model
Epoch 29 		 Training Loss: 0.25095862126909196 		 Validation Loss: 0.1994421537965536
Epoch 30 		 Training Loss: 0.24855056405067444 		 Validation Loss: 0.19921978376805782
Epoch 31 		 Training Loss: 0.2528013903647661 		 Validation Loss: 0.19946151971817017
Epoch 32 		 Training Loss: 0.24636007496155798 		 Validation Loss: 0.199240043759346
Epoch 33 		 Training Loss: 0.26998603134416044 		 Validation Loss: 0.19959067925810814
Epoch 34 		 Training Loss: 0.2634645230136812 		 Validation Loss: 0.19968020170927048
Epoch 35 		 Training Loss: 0.24927799706347287 		 Validation Loss: 0.19943341612815857
Epoch 36 		 Training Loss: 0.2607688207644969 		 Validation Loss: 0.19898635614663363
Epoch 37 		 Training Loss: 0.25872558914124966 		 Validation Loss: 0.1988416975364089
Validation Loss Decreased(3.181542--->3.181467) 	 Saving The Model
Epoch 38 		 Training Loss: 0.24920467217452824 		 Validation Loss: 0.19918375182896852
Epoch 39 		 Training Loss: 0.2618799505289644 		 Validation Loss: 0.1981461588293314
Validation Loss Decreased(3.181467--->3.170339) 	 Saving The Model
Epoch 40 		 Training Loss: 0.25461822003126144 		 Validation Loss: 0.19918929506093264
Epoch 41 		 Training Loss: 0.2593355185817927 		 Validation Loss: 0.19917261600494385
Epoch 42 		 Training Loss: 0.2596189824398607 		 Validation Loss: 0.1989813633263111
Epoch 43 		 Training Loss: 0.2667068459559232 		 Validation Loss: 0.19925422500818968
Epoch 44 		 Training Loss: 0.25983698945492506 		 Validation Loss: 0.19893163163214922
Epoch 45 		 Training Loss: 0.2581393029540777 		 Validation Loss: 0.1995630506426096
Epoch 46 		 Training Loss: 0.26062410860322416 		 Validation Loss: 0.19890624564141035
Epoch 47 		 Training Loss: 0.2597340636420995 		 Validation Loss: 0.19841460417956114
Epoch 48 		 Training Loss: 0.25136930402368307 		 Validation Loss: 0.19897594675421715
Epoch 49 		 Training Loss: 0.2658621210139245 		 Validation Loss: 0.199117430485785
Epoch 50 		 Training Loss: 0.2537459118757397 		 Validation Loss: 0.19910274259746075
Accuracy of the model: 94.14%
Accuracy of the model: 94.57%
