Requirement already satisfied: pandas in /sfs/qumulo/qhome/brc4cb/.conda/envs/falcon_40B/lib/python3.9/site-packages (from -r requirements.txt (line 1)) (2.0.3)
Collecting pandas (from -r requirements.txt (line 1))
  Using cached pandas-2.1.1-cp39-cp39-manylinux_2_17_x86_64.manylinux2014_x86_64.whl (12.3 MB)
Collecting matplotlib (from -r requirements.txt (line 2))
  Using cached matplotlib-3.8.0-cp39-cp39-manylinux_2_17_x86_64.manylinux2014_x86_64.whl (11.6 MB)
Requirement already satisfied: numpy in /sfs/qumulo/qhome/brc4cb/.conda/envs/falcon_40B/lib/python3.9/site-packages (from -r requirements.txt (line 3)) (1.25.2)
Collecting numpy (from -r requirements.txt (line 3))
  Using cached numpy-1.26.0-cp39-cp39-manylinux_2_17_x86_64.manylinux2014_x86_64.whl (18.2 MB)
Requirement already satisfied: torchvision in /sfs/qumulo/qhome/brc4cb/.conda/envs/falcon_40B/lib/python3.9/site-packages (from -r requirements.txt (line 4)) (0.16.0)
Requirement already satisfied: torchvision in /sfs/qumulo/qhome/brc4cb/.conda/envs/falcon_40B/lib/python3.9/site-packages (0.16.0)
Requirement already satisfied: numpy in /sfs/qumulo/qhome/brc4cb/.conda/envs/falcon_40B/lib/python3.9/site-packages (from torchvision) (1.25.2)
Requirement already satisfied: requests in /sfs/qumulo/qhome/brc4cb/.conda/envs/falcon_40B/lib/python3.9/site-packages (from torchvision) (2.31.0)
Requirement already satisfied: torch==2.1.0 in /sfs/qumulo/qhome/brc4cb/.conda/envs/falcon_40B/lib/python3.9/site-packages (from torchvision) (2.1.0)
Requirement already satisfied: pillow!=8.3.*,>=5.3.0 in /sfs/qumulo/qhome/brc4cb/.conda/envs/falcon_40B/lib/python3.9/site-packages (from torchvision) (10.0.1)
Requirement already satisfied: filelock in /sfs/qumulo/qhome/brc4cb/.conda/envs/falcon_40B/lib/python3.9/site-packages (from torch==2.1.0->torchvision) (3.9.0)
Requirement already satisfied: typing-extensions in /sfs/qumulo/qhome/brc4cb/.conda/envs/falcon_40B/lib/python3.9/site-packages (from torch==2.1.0->torchvision) (4.4.0)
Requirement already satisfied: sympy in /sfs/qumulo/qhome/brc4cb/.conda/envs/falcon_40B/lib/python3.9/site-packages (from torch==2.1.0->torchvision) (1.11.1)
Requirement already satisfied: networkx in /sfs/qumulo/qhome/brc4cb/.conda/envs/falcon_40B/lib/python3.9/site-packages (from torch==2.1.0->torchvision) (3.0rc1)
Requirement already satisfied: jinja2 in /sfs/qumulo/qhome/brc4cb/.conda/envs/falcon_40B/lib/python3.9/site-packages (from torch==2.1.0->torchvision) (3.1.2)
Requirement already satisfied: fsspec in /sfs/qumulo/qhome/brc4cb/.conda/envs/falcon_40B/lib/python3.9/site-packages (from torch==2.1.0->torchvision) (2023.4.0)
Requirement already satisfied: nvidia-cuda-nvrtc-cu12==12.1.105 in /sfs/qumulo/qhome/brc4cb/.conda/envs/falcon_40B/lib/python3.9/site-packages (from torch==2.1.0->torchvision) (12.1.105)
Requirement already satisfied: nvidia-cuda-runtime-cu12==12.1.105 in /sfs/qumulo/qhome/brc4cb/.conda/envs/falcon_40B/lib/python3.9/site-packages (from torch==2.1.0->torchvision) (12.1.105)
Requirement already satisfied: nvidia-cuda-cupti-cu12==12.1.105 in /sfs/qumulo/qhome/brc4cb/.conda/envs/falcon_40B/lib/python3.9/site-packages (from torch==2.1.0->torchvision) (12.1.105)
Requirement already satisfied: nvidia-cudnn-cu12==8.9.2.26 in /sfs/qumulo/qhome/brc4cb/.conda/envs/falcon_40B/lib/python3.9/site-packages (from torch==2.1.0->torchvision) (8.9.2.26)
Requirement already satisfied: nvidia-cublas-cu12==12.1.3.1 in /sfs/qumulo/qhome/brc4cb/.conda/envs/falcon_40B/lib/python3.9/site-packages (from torch==2.1.0->torchvision) (12.1.3.1)
Requirement already satisfied: nvidia-cufft-cu12==11.0.2.54 in /sfs/qumulo/qhome/brc4cb/.conda/envs/falcon_40B/lib/python3.9/site-packages (from torch==2.1.0->torchvision) (11.0.2.54)
Requirement already satisfied: nvidia-curand-cu12==10.3.2.106 in /sfs/qumulo/qhome/brc4cb/.conda/envs/falcon_40B/lib/python3.9/site-packages (from torch==2.1.0->torchvision) (10.3.2.106)
Requirement already satisfied: nvidia-cusolver-cu12==11.4.5.107 in /sfs/qumulo/qhome/brc4cb/.conda/envs/falcon_40B/lib/python3.9/site-packages (from torch==2.1.0->torchvision) (11.4.5.107)
Requirement already satisfied: nvidia-cusparse-cu12==12.1.0.106 in /sfs/qumulo/qhome/brc4cb/.conda/envs/falcon_40B/lib/python3.9/site-packages (from torch==2.1.0->torchvision) (12.1.0.106)
Requirement already satisfied: nvidia-nccl-cu12==2.18.1 in /sfs/qumulo/qhome/brc4cb/.conda/envs/falcon_40B/lib/python3.9/site-packages (from torch==2.1.0->torchvision) (2.18.1)
Requirement already satisfied: nvidia-nvtx-cu12==12.1.105 in /sfs/qumulo/qhome/brc4cb/.conda/envs/falcon_40B/lib/python3.9/site-packages (from torch==2.1.0->torchvision) (12.1.105)
Requirement already satisfied: triton==2.1.0 in /sfs/qumulo/qhome/brc4cb/.conda/envs/falcon_40B/lib/python3.9/site-packages (from torch==2.1.0->torchvision) (2.1.0)
Requirement already satisfied: nvidia-nvjitlink-cu12 in /sfs/qumulo/qhome/brc4cb/.conda/envs/falcon_40B/lib/python3.9/site-packages (from nvidia-cusolver-cu12==11.4.5.107->torch==2.1.0->torchvision) (12.2.140)
Requirement already satisfied: charset-normalizer<4,>=2 in /sfs/qumulo/qhome/brc4cb/.conda/envs/falcon_40B/lib/python3.9/site-packages (from requests->torchvision) (3.1.0)
Requirement already satisfied: idna<4,>=2.5 in /sfs/qumulo/qhome/brc4cb/.conda/envs/falcon_40B/lib/python3.9/site-packages (from requests->torchvision) (3.4)
Requirement already satisfied: urllib3<3,>=1.21.1 in /sfs/qumulo/qhome/brc4cb/.conda/envs/falcon_40B/lib/python3.9/site-packages (from requests->torchvision) (2.0.3)
Requirement already satisfied: certifi>=2017.4.17 in /sfs/qumulo/qhome/brc4cb/.conda/envs/falcon_40B/lib/python3.9/site-packages (from requests->torchvision) (2023.5.7)
Requirement already satisfied: MarkupSafe>=2.0 in /sfs/qumulo/qhome/brc4cb/.conda/envs/falcon_40B/lib/python3.9/site-packages (from jinja2->torch==2.1.0->torchvision) (2.1.2)
Requirement already satisfied: mpmath>=0.19 in /sfs/qumulo/qhome/brc4cb/.conda/envs/falcon_40B/lib/python3.9/site-packages (from sympy->torch==2.1.0->torchvision) (1.2.1)
Collecting package metadata (current_repodata.json): ...working... done
Solving environment: ...working... done

# All requested packages already installed.

Epoch 1 		 Training Loss: 0.28602313133887947 		 Validation Loss: 0.22543163690716028
Epoch 2 		 Training Loss: 0.2756709363311529 		 Validation Loss: 0.22649929765611887
Epoch 3 		 Training Loss: 0.26919094985350966 		 Validation Loss: 0.22394484747201204
Epoch 4 		 Training Loss: 0.2564866265747696 		 Validation Loss: 0.22100603114813566
Epoch 5 		 Training Loss: 0.243955452227965 		 Validation Loss: 0.22501023206859827
Epoch 6 		 Training Loss: 0.2475597697775811 		 Validation Loss: 0.21934159100055695
Epoch 7 		 Training Loss: 0.23207782173994929 		 Validation Loss: 0.22524374537169933
Epoch 8 		 Training Loss: 0.22919417917728424 		 Validation Loss: 0.2174608027562499
Validation Loss Decreased(3.484743--->3.479373) 	 Saving The Model
Epoch 9 		 Training Loss: 0.23147158697247505 		 Validation Loss: 0.22164869401603937
Epoch 10 		 Training Loss: 0.2221521702595055 		 Validation Loss: 0.2200846541672945
Epoch 11 		 Training Loss: 0.2679189285263419 		 Validation Loss: 0.2060790192335844
Validation Loss Decreased(3.479373--->3.297264) 	 Saving The Model
Epoch 12 		 Training Loss: 0.2685248260386288 		 Validation Loss: 0.20421553403139114
Validation Loss Decreased(3.297264--->3.267449) 	 Saving The Model
Epoch 13 		 Training Loss: 0.2563738019671291 		 Validation Loss: 0.2051437348127365
Epoch 14 		 Training Loss: 0.2498118905350566 		 Validation Loss: 0.2039581835269928
Validation Loss Decreased(3.267449--->3.263331) 	 Saving The Model
Epoch 15 		 Training Loss: 0.2416082841809839 		 Validation Loss: 0.20582088828086853
Epoch 16 		 Training Loss: 0.2523069517919794 		 Validation Loss: 0.2039950592443347
Epoch 17 		 Training Loss: 0.2519105077954009 		 Validation Loss: 0.20549711026251316
Epoch 18 		 Training Loss: 0.2603562935255468 		 Validation Loss: 0.2039216347038746
Validation Loss Decreased(3.263331--->3.262746) 	 Saving The Model
Epoch 19 		 Training Loss: 0.2608031262643635 		 Validation Loss: 0.20358404982835054
Validation Loss Decreased(3.262746--->3.257345) 	 Saving The Model
Epoch 20 		 Training Loss: 0.24731279932893813 		 Validation Loss: 0.20375758595764637
Epoch 21 		 Training Loss: 0.24414426810108125 		 Validation Loss: 0.20364648289978504
Epoch 22 		 Training Loss: 0.24757323041558266 		 Validation Loss: 0.20380100421607494
Epoch 23 		 Training Loss: 0.25913092610426247 		 Validation Loss: 0.20327856857329607
Validation Loss Decreased(3.257345--->3.252457) 	 Saving The Model
Epoch 24 		 Training Loss: 0.2541284268954769 		 Validation Loss: 0.2026778208091855
Validation Loss Decreased(3.252457--->3.242845) 	 Saving The Model
Epoch 25 		 Training Loss: 0.254441472934559 		 Validation Loss: 0.20282288547605276
Epoch 26 		 Training Loss: 0.24958598078228533 		 Validation Loss: 0.20327389147132635
Epoch 27 		 Training Loss: 0.2534830908989534 		 Validation Loss: 0.2032110271975398
Epoch 28 		 Training Loss: 0.2481913862284273 		 Validation Loss: 0.20290849916636944
Epoch 29 		 Training Loss: 0.23970900371205062 		 Validation Loss: 0.2027824316173792
Epoch 30 		 Training Loss: 0.2610496520064771 		 Validation Loss: 0.2024608263745904
Validation Loss Decreased(3.242845--->3.239373) 	 Saving The Model
Epoch 31 		 Training Loss: 0.24315849400591105 		 Validation Loss: 0.20319120585918427
Epoch 32 		 Training Loss: 0.24021839105989784 		 Validation Loss: 0.20276037976145744
Epoch 33 		 Training Loss: 0.2528699685353786 		 Validation Loss: 0.2025454118847847
Epoch 34 		 Training Loss: 0.2556604330893606 		 Validation Loss: 0.20248065423220396
Epoch 35 		 Training Loss: 0.24737662356346846 		 Validation Loss: 0.2032674215734005
Epoch 36 		 Training Loss: 0.2497571804560721 		 Validation Loss: 0.20225960202515125
Validation Loss Decreased(3.239373--->3.236154) 	 Saving The Model
Epoch 37 		 Training Loss: 0.25282259774394333 		 Validation Loss: 0.20295101031661034
Epoch 38 		 Training Loss: 0.24974414659664035 		 Validation Loss: 0.2029557041823864
Epoch 39 		 Training Loss: 0.2599209096515551 		 Validation Loss: 0.2026094663888216
Epoch 40 		 Training Loss: 0.24784681806340814 		 Validation Loss: 0.20287158899009228
Epoch 41 		 Training Loss: 0.2510927931871265 		 Validation Loss: 0.20292064268141985
Epoch 42 		 Training Loss: 0.23940974986180663 		 Validation Loss: 0.2029063319787383
Epoch 43 		 Training Loss: 0.247319970629178 		 Validation Loss: 0.20283022429794073
Epoch 44 		 Training Loss: 0.25659914361312985 		 Validation Loss: 0.2028341367840767
Epoch 45 		 Training Loss: 0.26554702618159354 		 Validation Loss: 0.20250364392995834
Epoch 46 		 Training Loss: 0.24375429353676736 		 Validation Loss: 0.20291565172374249
Epoch 47 		 Training Loss: 0.25955664925277233 		 Validation Loss: 0.20222609769552946
Validation Loss Decreased(3.236154--->3.235618) 	 Saving The Model
Epoch 48 		 Training Loss: 0.2545784411486238 		 Validation Loss: 0.20285145472735167
Epoch 49 		 Training Loss: 0.2517811288125813 		 Validation Loss: 0.2031101379543543
Epoch 50 		 Training Loss: 0.25066524487920105 		 Validation Loss: 0.20276120770722628
Accuracy of the model: 93.81%
Accuracy of the model: 93.55%
