To execute the default application inside the container, run:
singularity run --nv $CONTAINERDIR/pytorch-2.0.1.sif

This container is based on NGC 23.08
https://docs.nvidia.com/deeplearning/frameworks/pytorch-release-notes/rel-23-08.html#rel-23-08
WARNING: Ignoring invalid distribution -riton-nightly (/sfs/qumulo/qhome/brc4cb/.conda/envs/falcon_40B/lib/python3.9/site-packages)
ERROR: Could not find a version that satisfies the requirement PIL (from versions: none)
ERROR: No matching distribution found for PIL
WARNING: Ignoring invalid distribution -riton-nightly (/sfs/qumulo/qhome/brc4cb/.conda/envs/falcon_40B/lib/python3.9/site-packages)
WARNING: Ignoring invalid distribution -riton-nightly (/sfs/qumulo/qhome/brc4cb/.conda/envs/falcon_40B/lib/python3.9/site-packages)
Using cache found in /home/brc4cb/.cache/torch/hub/pytorch_vision_v0.10.0
/home/brc4cb/.conda/envs/falcon_40B/lib/python3.9/site-packages/torchvision/models/_utils.py:208: UserWarning: The parameter 'pretrained' is deprecated since 0.13 and may be removed in the future, please use 'weights' instead.
  warnings.warn(
/home/brc4cb/.conda/envs/falcon_40B/lib/python3.9/site-packages/torchvision/models/_utils.py:223: UserWarning: Arguments other than a weight enum or `None` for 'weights' are deprecated since 0.13 and may be removed in the future. The current behavior is equivalent to passing `weights=ResNeXt101_32X8D_Weights.IMAGENET1K_V1`. You can also use `weights=ResNeXt101_32X8D_Weights.DEFAULT` to get the most up-to-date weights.
  warnings.warn(msg)
Traceback (most recent call last):
  File "/sfs/qumulo/qhome/brc4cb/ml3_assignment2/resnext_700.py", line 164, in <module>
    model_ft.load_state_dict(torch.load('resnet_v2.pth'))
  File "/home/brc4cb/.conda/envs/falcon_40B/lib/python3.9/site-packages/torch/serialization.py", line 986, in load
    with _open_file_like(f, 'rb') as opened_file:
  File "/home/brc4cb/.conda/envs/falcon_40B/lib/python3.9/site-packages/torch/serialization.py", line 435, in _open_file_like
    return _open_file(name_or_buffer, mode)
  File "/home/brc4cb/.conda/envs/falcon_40B/lib/python3.9/site-packages/torch/serialization.py", line 416, in __init__
    super().__init__(open(name, mode))
FileNotFoundError: [Errno 2] No such file or directory: 'resnet_v2.pth'
