Requirement already satisfied: pandas in /sfs/qumulo/qhome/brc4cb/.conda/envs/falcon_40B/lib/python3.9/site-packages (from -r requirements.txt (line 1)) (2.0.3)
Collecting pandas (from -r requirements.txt (line 1))
  Using cached pandas-2.1.1-cp39-cp39-manylinux_2_17_x86_64.manylinux2014_x86_64.whl (12.3 MB)
Collecting matplotlib (from -r requirements.txt (line 2))
  Using cached matplotlib-3.8.0-cp39-cp39-manylinux_2_17_x86_64.manylinux2014_x86_64.whl (11.6 MB)
Requirement already satisfied: numpy in /sfs/qumulo/qhome/brc4cb/.conda/envs/falcon_40B/lib/python3.9/site-packages (from -r requirements.txt (line 3)) (1.25.2)
Collecting numpy (from -r requirements.txt (line 3))
  Using cached numpy-1.26.0-cp39-cp39-manylinux_2_17_x86_64.manylinux2014_x86_64.whl (18.2 MB)
Requirement already satisfied: torchvision in /sfs/qumulo/qhome/brc4cb/.conda/envs/falcon_40B/lib/python3.9/site-packages (from -r requirements.txt (line 4)) (0.16.0)
Requirement already satisfied: torchvision in /sfs/qumulo/qhome/brc4cb/.conda/envs/falcon_40B/lib/python3.9/site-packages (0.16.0)
Requirement already satisfied: numpy in /sfs/qumulo/qhome/brc4cb/.conda/envs/falcon_40B/lib/python3.9/site-packages (from torchvision) (1.25.2)
Requirement already satisfied: requests in /sfs/qumulo/qhome/brc4cb/.conda/envs/falcon_40B/lib/python3.9/site-packages (from torchvision) (2.31.0)
Requirement already satisfied: torch==2.1.0 in /sfs/qumulo/qhome/brc4cb/.conda/envs/falcon_40B/lib/python3.9/site-packages (from torchvision) (2.1.0)
Requirement already satisfied: pillow!=8.3.*,>=5.3.0 in /sfs/qumulo/qhome/brc4cb/.conda/envs/falcon_40B/lib/python3.9/site-packages (from torchvision) (10.0.1)
Requirement already satisfied: filelock in /sfs/qumulo/qhome/brc4cb/.conda/envs/falcon_40B/lib/python3.9/site-packages (from torch==2.1.0->torchvision) (3.9.0)
Requirement already satisfied: typing-extensions in /sfs/qumulo/qhome/brc4cb/.conda/envs/falcon_40B/lib/python3.9/site-packages (from torch==2.1.0->torchvision) (4.4.0)
Requirement already satisfied: sympy in /sfs/qumulo/qhome/brc4cb/.conda/envs/falcon_40B/lib/python3.9/site-packages (from torch==2.1.0->torchvision) (1.11.1)
Requirement already satisfied: networkx in /sfs/qumulo/qhome/brc4cb/.conda/envs/falcon_40B/lib/python3.9/site-packages (from torch==2.1.0->torchvision) (3.0rc1)
Requirement already satisfied: jinja2 in /sfs/qumulo/qhome/brc4cb/.conda/envs/falcon_40B/lib/python3.9/site-packages (from torch==2.1.0->torchvision) (3.1.2)
Requirement already satisfied: fsspec in /sfs/qumulo/qhome/brc4cb/.conda/envs/falcon_40B/lib/python3.9/site-packages (from torch==2.1.0->torchvision) (2023.4.0)
Requirement already satisfied: nvidia-cuda-nvrtc-cu12==12.1.105 in /sfs/qumulo/qhome/brc4cb/.conda/envs/falcon_40B/lib/python3.9/site-packages (from torch==2.1.0->torchvision) (12.1.105)
Requirement already satisfied: nvidia-cuda-runtime-cu12==12.1.105 in /sfs/qumulo/qhome/brc4cb/.conda/envs/falcon_40B/lib/python3.9/site-packages (from torch==2.1.0->torchvision) (12.1.105)
Requirement already satisfied: nvidia-cuda-cupti-cu12==12.1.105 in /sfs/qumulo/qhome/brc4cb/.conda/envs/falcon_40B/lib/python3.9/site-packages (from torch==2.1.0->torchvision) (12.1.105)
Requirement already satisfied: nvidia-cudnn-cu12==8.9.2.26 in /sfs/qumulo/qhome/brc4cb/.conda/envs/falcon_40B/lib/python3.9/site-packages (from torch==2.1.0->torchvision) (8.9.2.26)
Requirement already satisfied: nvidia-cublas-cu12==12.1.3.1 in /sfs/qumulo/qhome/brc4cb/.conda/envs/falcon_40B/lib/python3.9/site-packages (from torch==2.1.0->torchvision) (12.1.3.1)
Requirement already satisfied: nvidia-cufft-cu12==11.0.2.54 in /sfs/qumulo/qhome/brc4cb/.conda/envs/falcon_40B/lib/python3.9/site-packages (from torch==2.1.0->torchvision) (11.0.2.54)
Requirement already satisfied: nvidia-curand-cu12==10.3.2.106 in /sfs/qumulo/qhome/brc4cb/.conda/envs/falcon_40B/lib/python3.9/site-packages (from torch==2.1.0->torchvision) (10.3.2.106)
Requirement already satisfied: nvidia-cusolver-cu12==11.4.5.107 in /sfs/qumulo/qhome/brc4cb/.conda/envs/falcon_40B/lib/python3.9/site-packages (from torch==2.1.0->torchvision) (11.4.5.107)
Requirement already satisfied: nvidia-cusparse-cu12==12.1.0.106 in /sfs/qumulo/qhome/brc4cb/.conda/envs/falcon_40B/lib/python3.9/site-packages (from torch==2.1.0->torchvision) (12.1.0.106)
Requirement already satisfied: nvidia-nccl-cu12==2.18.1 in /sfs/qumulo/qhome/brc4cb/.conda/envs/falcon_40B/lib/python3.9/site-packages (from torch==2.1.0->torchvision) (2.18.1)
Requirement already satisfied: nvidia-nvtx-cu12==12.1.105 in /sfs/qumulo/qhome/brc4cb/.conda/envs/falcon_40B/lib/python3.9/site-packages (from torch==2.1.0->torchvision) (12.1.105)
Requirement already satisfied: triton==2.1.0 in /sfs/qumulo/qhome/brc4cb/.conda/envs/falcon_40B/lib/python3.9/site-packages (from torch==2.1.0->torchvision) (2.1.0)
Requirement already satisfied: nvidia-nvjitlink-cu12 in /sfs/qumulo/qhome/brc4cb/.conda/envs/falcon_40B/lib/python3.9/site-packages (from nvidia-cusolver-cu12==11.4.5.107->torch==2.1.0->torchvision) (12.2.140)
Requirement already satisfied: charset-normalizer<4,>=2 in /sfs/qumulo/qhome/brc4cb/.conda/envs/falcon_40B/lib/python3.9/site-packages (from requests->torchvision) (3.1.0)
Requirement already satisfied: idna<4,>=2.5 in /sfs/qumulo/qhome/brc4cb/.conda/envs/falcon_40B/lib/python3.9/site-packages (from requests->torchvision) (3.4)
Requirement already satisfied: urllib3<3,>=1.21.1 in /sfs/qumulo/qhome/brc4cb/.conda/envs/falcon_40B/lib/python3.9/site-packages (from requests->torchvision) (2.0.3)
Requirement already satisfied: certifi>=2017.4.17 in /sfs/qumulo/qhome/brc4cb/.conda/envs/falcon_40B/lib/python3.9/site-packages (from requests->torchvision) (2023.5.7)
Requirement already satisfied: MarkupSafe>=2.0 in /sfs/qumulo/qhome/brc4cb/.conda/envs/falcon_40B/lib/python3.9/site-packages (from jinja2->torch==2.1.0->torchvision) (2.1.2)
Requirement already satisfied: mpmath>=0.19 in /sfs/qumulo/qhome/brc4cb/.conda/envs/falcon_40B/lib/python3.9/site-packages (from sympy->torch==2.1.0->torchvision) (1.2.1)
Collecting package metadata (current_repodata.json): ...working... done
Solving environment: ...working... done

# All requested packages already installed.

Epoch 1 		 Training Loss: 0.13681799784535542 		 Validation Loss: 0.19402763899415731
Epoch 2 		 Training Loss: 0.13670839148107916 		 Validation Loss: 0.19349789153784513
Epoch 3 		 Training Loss: 0.1280479520210065 		 Validation Loss: 0.19355258159339428
Epoch 4 		 Training Loss: 0.11433877830859274 		 Validation Loss: 0.20365476235747337
Epoch 5 		 Training Loss: 0.12160509900422767 		 Validation Loss: 0.2045677723363042
Epoch 6 		 Training Loss: 0.12149763409979641 		 Validation Loss: 0.19906104914844036
Epoch 7 		 Training Loss: 0.1092236441327259 		 Validation Loss: 0.2014756826683879
Epoch 8 		 Training Loss: 0.11293134064180776 		 Validation Loss: 0.193643344566226
Epoch 9 		 Training Loss: 0.11107521649682894 		 Validation Loss: 0.2024762174114585
Epoch 10 		 Training Loss: 0.11863944947253913 		 Validation Loss: 0.20137481205165386
Epoch 11 		 Training Loss: 0.15841751848347485 		 Validation Loss: 0.1906804759055376
Epoch 12 		 Training Loss: 0.14908449514769018 		 Validation Loss: 0.1914599221199751
Epoch 13 		 Training Loss: 0.1478947417344898 		 Validation Loss: 0.19150856044143438
Epoch 14 		 Training Loss: 0.14908223052043468 		 Validation Loss: 0.19066889956593513
Epoch 15 		 Training Loss: 0.15297082788310945 		 Validation Loss: 0.19067508541047573
Epoch 16 		 Training Loss: 0.1427126469789073 		 Validation Loss: 0.18906279653310776
Epoch 17 		 Training Loss: 0.14325889409519732 		 Validation Loss: 0.1898036440834403
Epoch 18 		 Training Loss: 0.14425336627755314 		 Validation Loss: 0.18925078213214874
Epoch 19 		 Training Loss: 0.14594480418600142 		 Validation Loss: 0.18953724578022957
Epoch 20 		 Training Loss: 0.14591717039002106 		 Validation Loss: 0.18965531792491674
Epoch 21 		 Training Loss: 0.14563323825132102 		 Validation Loss: 0.18893324304372072
Epoch 22 		 Training Loss: 0.15252621506806463 		 Validation Loss: 0.18879374396055937
Epoch 23 		 Training Loss: 0.14809577295091003 		 Validation Loss: 0.18882488831877708
Epoch 24 		 Training Loss: 0.14473148953402415 		 Validation Loss: 0.1888090781867504
Epoch 25 		 Training Loss: 0.1380771981785074 		 Validation Loss: 0.1883745640516281
Epoch 26 		 Training Loss: 0.1462249425239861 		 Validation Loss: 0.18790437187999487
Epoch 27 		 Training Loss: 0.15937771613243967 		 Validation Loss: 0.18761140294373035
Epoch 28 		 Training Loss: 0.14845634368248284 		 Validation Loss: 0.18758109956979752
Epoch 29 		 Training Loss: 0.1463570713531226 		 Validation Loss: 0.1883062655106187
Epoch 30 		 Training Loss: 0.1418948860373348 		 Validation Loss: 0.18767939321696758
Epoch 31 		 Training Loss: 0.14878302259603515 		 Validation Loss: 0.18817144352942705
Epoch 32 		 Training Loss: 0.14065154700074345 		 Validation Loss: 0.18816216103732586
Epoch 33 		 Training Loss: 0.16089434106834233 		 Validation Loss: 0.1881084768101573
Epoch 34 		 Training Loss: 0.15445844212081283 		 Validation Loss: 0.1877934793010354
Epoch 35 		 Training Loss: 0.14391387440264225 		 Validation Loss: 0.1881153006106615
Epoch 36 		 Training Loss: 0.15119679685449228 		 Validation Loss: 0.18717324919998646
Epoch 37 		 Training Loss: 0.1496340703452006 		 Validation Loss: 0.18739179708063602
Epoch 38 		 Training Loss: 0.1442122880835086 		 Validation Loss: 0.18771467357873917
Epoch 39 		 Training Loss: 0.15235382365062833 		 Validation Loss: 0.18671074882149696
Epoch 40 		 Training Loss: 0.1480571121792309 		 Validation Loss: 0.1880562026053667
Epoch 41 		 Training Loss: 0.1500002663815394 		 Validation Loss: 0.18783847521990538
Epoch 42 		 Training Loss: 0.15353332296945155 		 Validation Loss: 0.18787490110844374
Epoch 43 		 Training Loss: 0.15542273974278942 		 Validation Loss: 0.18776589632034302
Epoch 44 		 Training Loss: 0.15301662008278072 		 Validation Loss: 0.18739979807287455
Epoch 45 		 Training Loss: 0.14999804203398526 		 Validation Loss: 0.18849798385053873
Epoch 46 		 Training Loss: 0.15214195474982262 		 Validation Loss: 0.18729182612150908
Epoch 47 		 Training Loss: 0.15067509526852518 		 Validation Loss: 0.1868958007544279
Epoch 48 		 Training Loss: 0.14245528797619045 		 Validation Loss: 0.18744608294218779
Epoch 49 		 Training Loss: 0.15614719549193978 		 Validation Loss: 0.18772865552455187
Epoch 50 		 Training Loss: 0.1475408073165454 		 Validation Loss: 0.18750522192567587
Accuracy of the model: 95.49%
Accuracy of the model: 94.18%
