Requirement already satisfied: pandas in /sfs/qumulo/qhome/brc4cb/.conda/envs/falcon_40B/lib/python3.9/site-packages (from -r requirements.txt (line 1)) (2.0.3)
Collecting pandas (from -r requirements.txt (line 1))
  Using cached pandas-2.1.1-cp39-cp39-manylinux_2_17_x86_64.manylinux2014_x86_64.whl (12.3 MB)
Collecting matplotlib (from -r requirements.txt (line 2))
  Using cached matplotlib-3.8.0-cp39-cp39-manylinux_2_17_x86_64.manylinux2014_x86_64.whl (11.6 MB)
Requirement already satisfied: numpy in /sfs/qumulo/qhome/brc4cb/.conda/envs/falcon_40B/lib/python3.9/site-packages (from -r requirements.txt (line 3)) (1.25.2)
Collecting numpy (from -r requirements.txt (line 3))
  Using cached numpy-1.26.0-cp39-cp39-manylinux_2_17_x86_64.manylinux2014_x86_64.whl (18.2 MB)
Requirement already satisfied: torchvision in /sfs/qumulo/qhome/brc4cb/.conda/envs/falcon_40B/lib/python3.9/site-packages (from -r requirements.txt (line 4)) (0.16.0)
Requirement already satisfied: torchvision in /sfs/qumulo/qhome/brc4cb/.conda/envs/falcon_40B/lib/python3.9/site-packages (0.16.0)
Requirement already satisfied: numpy in /sfs/qumulo/qhome/brc4cb/.conda/envs/falcon_40B/lib/python3.9/site-packages (from torchvision) (1.25.2)
Requirement already satisfied: requests in /sfs/qumulo/qhome/brc4cb/.conda/envs/falcon_40B/lib/python3.9/site-packages (from torchvision) (2.31.0)
Requirement already satisfied: torch==2.1.0 in /sfs/qumulo/qhome/brc4cb/.conda/envs/falcon_40B/lib/python3.9/site-packages (from torchvision) (2.1.0)
Requirement already satisfied: pillow!=8.3.*,>=5.3.0 in /sfs/qumulo/qhome/brc4cb/.conda/envs/falcon_40B/lib/python3.9/site-packages (from torchvision) (10.0.1)
Requirement already satisfied: filelock in /sfs/qumulo/qhome/brc4cb/.conda/envs/falcon_40B/lib/python3.9/site-packages (from torch==2.1.0->torchvision) (3.9.0)
Requirement already satisfied: typing-extensions in /sfs/qumulo/qhome/brc4cb/.conda/envs/falcon_40B/lib/python3.9/site-packages (from torch==2.1.0->torchvision) (4.4.0)
Requirement already satisfied: sympy in /sfs/qumulo/qhome/brc4cb/.conda/envs/falcon_40B/lib/python3.9/site-packages (from torch==2.1.0->torchvision) (1.11.1)
Requirement already satisfied: networkx in /sfs/qumulo/qhome/brc4cb/.conda/envs/falcon_40B/lib/python3.9/site-packages (from torch==2.1.0->torchvision) (3.0rc1)
Requirement already satisfied: jinja2 in /sfs/qumulo/qhome/brc4cb/.conda/envs/falcon_40B/lib/python3.9/site-packages (from torch==2.1.0->torchvision) (3.1.2)
Requirement already satisfied: fsspec in /sfs/qumulo/qhome/brc4cb/.conda/envs/falcon_40B/lib/python3.9/site-packages (from torch==2.1.0->torchvision) (2023.4.0)
Requirement already satisfied: nvidia-cuda-nvrtc-cu12==12.1.105 in /sfs/qumulo/qhome/brc4cb/.conda/envs/falcon_40B/lib/python3.9/site-packages (from torch==2.1.0->torchvision) (12.1.105)
Requirement already satisfied: nvidia-cuda-runtime-cu12==12.1.105 in /sfs/qumulo/qhome/brc4cb/.conda/envs/falcon_40B/lib/python3.9/site-packages (from torch==2.1.0->torchvision) (12.1.105)
Requirement already satisfied: nvidia-cuda-cupti-cu12==12.1.105 in /sfs/qumulo/qhome/brc4cb/.conda/envs/falcon_40B/lib/python3.9/site-packages (from torch==2.1.0->torchvision) (12.1.105)
Requirement already satisfied: nvidia-cudnn-cu12==8.9.2.26 in /sfs/qumulo/qhome/brc4cb/.conda/envs/falcon_40B/lib/python3.9/site-packages (from torch==2.1.0->torchvision) (8.9.2.26)
Requirement already satisfied: nvidia-cublas-cu12==12.1.3.1 in /sfs/qumulo/qhome/brc4cb/.conda/envs/falcon_40B/lib/python3.9/site-packages (from torch==2.1.0->torchvision) (12.1.3.1)
Requirement already satisfied: nvidia-cufft-cu12==11.0.2.54 in /sfs/qumulo/qhome/brc4cb/.conda/envs/falcon_40B/lib/python3.9/site-packages (from torch==2.1.0->torchvision) (11.0.2.54)
Requirement already satisfied: nvidia-curand-cu12==10.3.2.106 in /sfs/qumulo/qhome/brc4cb/.conda/envs/falcon_40B/lib/python3.9/site-packages (from torch==2.1.0->torchvision) (10.3.2.106)
Requirement already satisfied: nvidia-cusolver-cu12==11.4.5.107 in /sfs/qumulo/qhome/brc4cb/.conda/envs/falcon_40B/lib/python3.9/site-packages (from torch==2.1.0->torchvision) (11.4.5.107)
Requirement already satisfied: nvidia-cusparse-cu12==12.1.0.106 in /sfs/qumulo/qhome/brc4cb/.conda/envs/falcon_40B/lib/python3.9/site-packages (from torch==2.1.0->torchvision) (12.1.0.106)
Requirement already satisfied: nvidia-nccl-cu12==2.18.1 in /sfs/qumulo/qhome/brc4cb/.conda/envs/falcon_40B/lib/python3.9/site-packages (from torch==2.1.0->torchvision) (2.18.1)
Requirement already satisfied: nvidia-nvtx-cu12==12.1.105 in /sfs/qumulo/qhome/brc4cb/.conda/envs/falcon_40B/lib/python3.9/site-packages (from torch==2.1.0->torchvision) (12.1.105)
Requirement already satisfied: triton==2.1.0 in /sfs/qumulo/qhome/brc4cb/.conda/envs/falcon_40B/lib/python3.9/site-packages (from torch==2.1.0->torchvision) (2.1.0)
Requirement already satisfied: nvidia-nvjitlink-cu12 in /sfs/qumulo/qhome/brc4cb/.conda/envs/falcon_40B/lib/python3.9/site-packages (from nvidia-cusolver-cu12==11.4.5.107->torch==2.1.0->torchvision) (12.2.140)
Requirement already satisfied: charset-normalizer<4,>=2 in /sfs/qumulo/qhome/brc4cb/.conda/envs/falcon_40B/lib/python3.9/site-packages (from requests->torchvision) (3.1.0)
Requirement already satisfied: idna<4,>=2.5 in /sfs/qumulo/qhome/brc4cb/.conda/envs/falcon_40B/lib/python3.9/site-packages (from requests->torchvision) (3.4)
Requirement already satisfied: urllib3<3,>=1.21.1 in /sfs/qumulo/qhome/brc4cb/.conda/envs/falcon_40B/lib/python3.9/site-packages (from requests->torchvision) (2.0.3)
Requirement already satisfied: certifi>=2017.4.17 in /sfs/qumulo/qhome/brc4cb/.conda/envs/falcon_40B/lib/python3.9/site-packages (from requests->torchvision) (2023.5.7)
Requirement already satisfied: MarkupSafe>=2.0 in /sfs/qumulo/qhome/brc4cb/.conda/envs/falcon_40B/lib/python3.9/site-packages (from jinja2->torch==2.1.0->torchvision) (2.1.2)
Requirement already satisfied: mpmath>=0.19 in /sfs/qumulo/qhome/brc4cb/.conda/envs/falcon_40B/lib/python3.9/site-packages (from sympy->torch==2.1.0->torchvision) (1.2.1)
Collecting package metadata (current_repodata.json): ...working... done
Solving environment: ...working... done

# All requested packages already installed.

Epoch 1 		 Training Loss: 0.5354424980469048 		 Validation Loss: 0.3625849038362503
Validation Loss Decreased(6.315887--->5.801358) 	 Saving The Model
Epoch 2 		 Training Loss: 0.5680124931968749 		 Validation Loss: 0.3461203332990408
Validation Loss Decreased(5.801358--->5.537925) 	 Saving The Model
Epoch 3 		 Training Loss: 0.5445283218286932 		 Validation Loss: 0.33456486463546753
Validation Loss Decreased(5.537925--->5.353038) 	 Saving The Model
Epoch 4 		 Training Loss: 0.5284804934635758 		 Validation Loss: 0.324038065969944
Validation Loss Decreased(5.353038--->5.184609) 	 Saving The Model
Epoch 5 		 Training Loss: 0.5039224410429597 		 Validation Loss: 0.3159904442727566
Validation Loss Decreased(5.184609--->5.055847) 	 Saving The Model
Epoch 6 		 Training Loss: 0.48585711186751723 		 Validation Loss: 0.3068952038884163
Validation Loss Decreased(5.055847--->4.910323) 	 Saving The Model
Epoch 7 		 Training Loss: 0.48804508335888386 		 Validation Loss: 0.30109519697725773
Validation Loss Decreased(4.910323--->4.817523) 	 Saving The Model
Epoch 8 		 Training Loss: 0.46435880754143 		 Validation Loss: 0.293123209849
Validation Loss Decreased(4.817523--->4.689971) 	 Saving The Model
Epoch 9 		 Training Loss: 0.46556084463372827 		 Validation Loss: 0.29371969122439623
Epoch 10 		 Training Loss: 0.45437884982675314 		 Validation Loss: 0.2891308721154928
Validation Loss Decreased(4.689971--->4.626094) 	 Saving The Model
Epoch 11 		 Training Loss: 0.47814821638166904 		 Validation Loss: 0.2831564797088504
Validation Loss Decreased(4.626094--->4.530504) 	 Saving The Model
Epoch 12 		 Training Loss: 0.4505436811596155 		 Validation Loss: 0.28224778082221746
Validation Loss Decreased(4.530504--->4.515964) 	 Saving The Model
Epoch 13 		 Training Loss: 0.46186204347759485 		 Validation Loss: 0.28193717636168003
Validation Loss Decreased(4.515964--->4.510995) 	 Saving The Model
Epoch 14 		 Training Loss: 0.4682048265822232 		 Validation Loss: 0.281363183632493
Validation Loss Decreased(4.510995--->4.501811) 	 Saving The Model
Epoch 15 		 Training Loss: 0.4459853731095791 		 Validation Loss: 0.28176756761968136
Epoch 16 		 Training Loss: 0.46620590006932616 		 Validation Loss: 0.2798265228047967
Validation Loss Decreased(4.501811--->4.477224) 	 Saving The Model
Epoch 17 		 Training Loss: 0.45905968826264143 		 Validation Loss: 0.2806586967781186
Epoch 18 		 Training Loss: 0.45806278148666024 		 Validation Loss: 0.2805066704750061
Epoch 19 		 Training Loss: 0.4549999865703285 		 Validation Loss: 0.2797524221241474
Validation Loss Decreased(4.477224--->4.476039) 	 Saving The Model
Epoch 20 		 Training Loss: 0.441194414626807 		 Validation Loss: 0.2799717467278242
Epoch 21 		 Training Loss: 0.4511913824826479 		 Validation Loss: 0.28003115206956863
Epoch 22 		 Training Loss: 0.44847928499802947 		 Validation Loss: 0.2801103265956044
Epoch 23 		 Training Loss: 0.45937134278938174 		 Validation Loss: 0.2805469473823905
Epoch 24 		 Training Loss: 0.4466594746336341 		 Validation Loss: 0.2803123239427805
Epoch 25 		 Training Loss: 0.441334733273834 		 Validation Loss: 0.27985635213553905
Epoch 26 		 Training Loss: 0.4604215854778886 		 Validation Loss: 0.27948105707764626
Validation Loss Decreased(4.476039--->4.471697) 	 Saving The Model
Epoch 27 		 Training Loss: 0.4629590669646859 		 Validation Loss: 0.28113567642867565
Epoch 28 		 Training Loss: 0.44153275480493903 		 Validation Loss: 0.2802245793864131
Epoch 29 		 Training Loss: 0.4503191541880369 		 Validation Loss: 0.27936361730098724
Validation Loss Decreased(4.471697--->4.469818) 	 Saving The Model
Epoch 30 		 Training Loss: 0.4704507291316986 		 Validation Loss: 0.2800243301317096
Epoch 31 		 Training Loss: 0.45192832220345736 		 Validation Loss: 0.2800554158166051
Epoch 32 		 Training Loss: 0.44719388289377093 		 Validation Loss: 0.2806058134883642
Epoch 33 		 Training Loss: 0.4538129046559334 		 Validation Loss: 0.2803263096138835
Epoch 34 		 Training Loss: 0.4571973173879087 		 Validation Loss: 0.2794821420684457
Epoch 35 		 Training Loss: 0.44989834260195494 		 Validation Loss: 0.28002712968736887
Epoch 36 		 Training Loss: 0.46076795691624284 		 Validation Loss: 0.27950369752943516
Epoch 37 		 Training Loss: 0.4587599840015173 		 Validation Loss: 0.28101036697626114
Epoch 38 		 Training Loss: 0.4651823495514691 		 Validation Loss: 0.2802664926275611
Epoch 39 		 Training Loss: 0.44887336157262325 		 Validation Loss: 0.28129043988883495
Epoch 40 		 Training Loss: 0.46276810113340616 		 Validation Loss: 0.28040243312716484
Epoch 41 		 Training Loss: 0.45968332793563604 		 Validation Loss: 0.2791810967028141
Validation Loss Decreased(4.469818--->4.466898) 	 Saving The Model
Epoch 42 		 Training Loss: 0.45472113881260157 		 Validation Loss: 0.2797461049631238
Epoch 43 		 Training Loss: 0.4553210181184113 		 Validation Loss: 0.28082885686308146
Epoch 44 		 Training Loss: 0.45710735069587827 		 Validation Loss: 0.28045855835080147
Epoch 45 		 Training Loss: 0.4588292194530368 		 Validation Loss: 0.2808239050209522
Epoch 46 		 Training Loss: 0.45788680762052536 		 Validation Loss: 0.2798021771013737
Epoch 47 		 Training Loss: 0.44536535115912557 		 Validation Loss: 0.2800145512446761
Epoch 48 		 Training Loss: 0.4508104892447591 		 Validation Loss: 0.2801256934180856
Epoch 49 		 Training Loss: 0.4598474386148155 		 Validation Loss: 0.27959075942635536
Epoch 50 		 Training Loss: 0.45865517435595393 		 Validation Loss: 0.27990483306348324
Epoch 51 		 Training Loss: 0.4530467386357486 		 Validation Loss: 0.2796472664922476
Epoch 52 		 Training Loss: 0.4426309457048774 		 Validation Loss: 0.27990012895315886
Epoch 53 		 Training Loss: 0.4642197354696691 		 Validation Loss: 0.27898413222283125
Validation Loss Decreased(4.466898--->4.463746) 	 Saving The Model
Epoch 54 		 Training Loss: 0.4572133170440793 		 Validation Loss: 0.2790247742086649
Epoch 55 		 Training Loss: 0.4546132357791066 		 Validation Loss: 0.2798574110493064
Epoch 56 		 Training Loss: 0.44204271398484707 		 Validation Loss: 0.2804435035213828
Epoch 57 		 Training Loss: 0.445023937150836 		 Validation Loss: 0.2791985012590885
Epoch 58 		 Training Loss: 0.44662941386923194 		 Validation Loss: 0.2799265496432781
Epoch 59 		 Training Loss: 0.44680292904376984 		 Validation Loss: 0.2792114419862628
Epoch 60 		 Training Loss: 0.4636320983991027 		 Validation Loss: 0.2793476125225425
Epoch 61 		 Training Loss: 0.4580684029497206 		 Validation Loss: 0.2809084141626954
Epoch 62 		 Training Loss: 0.45737689081579447 		 Validation Loss: 0.2805871879681945
Epoch 63 		 Training Loss: 0.45945429103448987 		 Validation Loss: 0.2803276274353266
Epoch 64 		 Training Loss: 0.4496894055046141 		 Validation Loss: 0.2801766097545624
Epoch 65 		 Training Loss: 0.4534426564350724 		 Validation Loss: 0.279820941388607
Epoch 66 		 Training Loss: 0.4618286439217627 		 Validation Loss: 0.2801811723038554
Epoch 67 		 Training Loss: 0.4688738640397787 		 Validation Loss: 0.28142722323536873
Epoch 68 		 Training Loss: 0.4602134465239942 		 Validation Loss: 0.27832949813455343
Validation Loss Decreased(4.463746--->4.453272) 	 Saving The Model
Epoch 69 		 Training Loss: 0.4534470774233341 		 Validation Loss: 0.2795650865882635
Epoch 70 		 Training Loss: 0.46057276194915175 		 Validation Loss: 0.27988557890057564
Epoch 71 		 Training Loss: 0.4583399831317365 		 Validation Loss: 0.28017446119338274
Epoch 72 		 Training Loss: 0.4621027447283268 		 Validation Loss: 0.27949123177677393
Epoch 73 		 Training Loss: 0.4622388184070587 		 Validation Loss: 0.2805259572342038
Epoch 74 		 Training Loss: 0.46296939672902226 		 Validation Loss: 0.27981559466570616
Epoch 75 		 Training Loss: 0.4652432110160589 		 Validation Loss: 0.2807588456198573
Accuracy of the model: 92.92%
Accuracy of the model: 93.79%
