Requirement already satisfied: pandas in /sfs/qumulo/qhome/brc4cb/.conda/envs/falcon_40B/lib/python3.9/site-packages (from -r requirements.txt (line 1)) (2.0.3)
Collecting pandas (from -r requirements.txt (line 1))
  Using cached pandas-2.1.1-cp39-cp39-manylinux_2_17_x86_64.manylinux2014_x86_64.whl (12.3 MB)
Collecting matplotlib (from -r requirements.txt (line 2))
  Using cached matplotlib-3.8.0-cp39-cp39-manylinux_2_17_x86_64.manylinux2014_x86_64.whl (11.6 MB)
Requirement already satisfied: numpy in /sfs/qumulo/qhome/brc4cb/.conda/envs/falcon_40B/lib/python3.9/site-packages (from -r requirements.txt (line 3)) (1.25.2)
Collecting numpy (from -r requirements.txt (line 3))
  Downloading numpy-1.26.1-cp39-cp39-manylinux_2_17_x86_64.manylinux2014_x86_64.whl (18.2 MB)
     ━━━━━━━━━━━━━━━━━━━━━━━━━━━━━━━━━━━━━━━━ 18.2/18.2 MB 65.6 MB/s eta 0:00:00
Requirement already satisfied: torchvision in /sfs/qumulo/qhome/brc4cb/.conda/envs/falcon_40B/lib/python3.9/site-packages (from -r requirements.txt (line 4)) (0.16.0)
Requirement already satisfied: torchvision in /sfs/qumulo/qhome/brc4cb/.conda/envs/falcon_40B/lib/python3.9/site-packages (0.16.0)
Requirement already satisfied: numpy in /sfs/qumulo/qhome/brc4cb/.conda/envs/falcon_40B/lib/python3.9/site-packages (from torchvision) (1.25.2)
Requirement already satisfied: requests in /sfs/qumulo/qhome/brc4cb/.conda/envs/falcon_40B/lib/python3.9/site-packages (from torchvision) (2.31.0)
Requirement already satisfied: torch==2.1.0 in /sfs/qumulo/qhome/brc4cb/.conda/envs/falcon_40B/lib/python3.9/site-packages (from torchvision) (2.1.0)
Requirement already satisfied: pillow!=8.3.*,>=5.3.0 in /sfs/qumulo/qhome/brc4cb/.conda/envs/falcon_40B/lib/python3.9/site-packages (from torchvision) (10.0.1)
Requirement already satisfied: filelock in /sfs/qumulo/qhome/brc4cb/.conda/envs/falcon_40B/lib/python3.9/site-packages (from torch==2.1.0->torchvision) (3.9.0)
Requirement already satisfied: typing-extensions in /sfs/qumulo/qhome/brc4cb/.conda/envs/falcon_40B/lib/python3.9/site-packages (from torch==2.1.0->torchvision) (4.4.0)
Requirement already satisfied: sympy in /sfs/qumulo/qhome/brc4cb/.conda/envs/falcon_40B/lib/python3.9/site-packages (from torch==2.1.0->torchvision) (1.11.1)
Requirement already satisfied: networkx in /sfs/qumulo/qhome/brc4cb/.conda/envs/falcon_40B/lib/python3.9/site-packages (from torch==2.1.0->torchvision) (3.0rc1)
Requirement already satisfied: jinja2 in /sfs/qumulo/qhome/brc4cb/.conda/envs/falcon_40B/lib/python3.9/site-packages (from torch==2.1.0->torchvision) (3.1.2)
Requirement already satisfied: fsspec in /sfs/qumulo/qhome/brc4cb/.conda/envs/falcon_40B/lib/python3.9/site-packages (from torch==2.1.0->torchvision) (2023.4.0)
Requirement already satisfied: nvidia-cuda-nvrtc-cu12==12.1.105 in /sfs/qumulo/qhome/brc4cb/.conda/envs/falcon_40B/lib/python3.9/site-packages (from torch==2.1.0->torchvision) (12.1.105)
Requirement already satisfied: nvidia-cuda-runtime-cu12==12.1.105 in /sfs/qumulo/qhome/brc4cb/.conda/envs/falcon_40B/lib/python3.9/site-packages (from torch==2.1.0->torchvision) (12.1.105)
Requirement already satisfied: nvidia-cuda-cupti-cu12==12.1.105 in /sfs/qumulo/qhome/brc4cb/.conda/envs/falcon_40B/lib/python3.9/site-packages (from torch==2.1.0->torchvision) (12.1.105)
Requirement already satisfied: nvidia-cudnn-cu12==8.9.2.26 in /sfs/qumulo/qhome/brc4cb/.conda/envs/falcon_40B/lib/python3.9/site-packages (from torch==2.1.0->torchvision) (8.9.2.26)
Requirement already satisfied: nvidia-cublas-cu12==12.1.3.1 in /sfs/qumulo/qhome/brc4cb/.conda/envs/falcon_40B/lib/python3.9/site-packages (from torch==2.1.0->torchvision) (12.1.3.1)
Requirement already satisfied: nvidia-cufft-cu12==11.0.2.54 in /sfs/qumulo/qhome/brc4cb/.conda/envs/falcon_40B/lib/python3.9/site-packages (from torch==2.1.0->torchvision) (11.0.2.54)
Requirement already satisfied: nvidia-curand-cu12==10.3.2.106 in /sfs/qumulo/qhome/brc4cb/.conda/envs/falcon_40B/lib/python3.9/site-packages (from torch==2.1.0->torchvision) (10.3.2.106)
Requirement already satisfied: nvidia-cusolver-cu12==11.4.5.107 in /sfs/qumulo/qhome/brc4cb/.conda/envs/falcon_40B/lib/python3.9/site-packages (from torch==2.1.0->torchvision) (11.4.5.107)
Requirement already satisfied: nvidia-cusparse-cu12==12.1.0.106 in /sfs/qumulo/qhome/brc4cb/.conda/envs/falcon_40B/lib/python3.9/site-packages (from torch==2.1.0->torchvision) (12.1.0.106)
Requirement already satisfied: nvidia-nccl-cu12==2.18.1 in /sfs/qumulo/qhome/brc4cb/.conda/envs/falcon_40B/lib/python3.9/site-packages (from torch==2.1.0->torchvision) (2.18.1)
Requirement already satisfied: nvidia-nvtx-cu12==12.1.105 in /sfs/qumulo/qhome/brc4cb/.conda/envs/falcon_40B/lib/python3.9/site-packages (from torch==2.1.0->torchvision) (12.1.105)
Requirement already satisfied: triton==2.1.0 in /sfs/qumulo/qhome/brc4cb/.conda/envs/falcon_40B/lib/python3.9/site-packages (from torch==2.1.0->torchvision) (2.1.0)
Requirement already satisfied: nvidia-nvjitlink-cu12 in /sfs/qumulo/qhome/brc4cb/.conda/envs/falcon_40B/lib/python3.9/site-packages (from nvidia-cusolver-cu12==11.4.5.107->torch==2.1.0->torchvision) (12.2.140)
Requirement already satisfied: charset-normalizer<4,>=2 in /sfs/qumulo/qhome/brc4cb/.conda/envs/falcon_40B/lib/python3.9/site-packages (from requests->torchvision) (3.1.0)
Requirement already satisfied: idna<4,>=2.5 in /sfs/qumulo/qhome/brc4cb/.conda/envs/falcon_40B/lib/python3.9/site-packages (from requests->torchvision) (3.4)
Requirement already satisfied: urllib3<3,>=1.21.1 in /sfs/qumulo/qhome/brc4cb/.conda/envs/falcon_40B/lib/python3.9/site-packages (from requests->torchvision) (2.0.3)
Requirement already satisfied: certifi>=2017.4.17 in /sfs/qumulo/qhome/brc4cb/.conda/envs/falcon_40B/lib/python3.9/site-packages (from requests->torchvision) (2023.5.7)
Requirement already satisfied: MarkupSafe>=2.0 in /sfs/qumulo/qhome/brc4cb/.conda/envs/falcon_40B/lib/python3.9/site-packages (from jinja2->torch==2.1.0->torchvision) (2.1.2)
Requirement already satisfied: mpmath>=0.19 in /sfs/qumulo/qhome/brc4cb/.conda/envs/falcon_40B/lib/python3.9/site-packages (from sympy->torch==2.1.0->torchvision) (1.2.1)
Collecting package metadata (current_repodata.json): ...working... done
Solving environment: ...working... done

# All requested packages already installed.

Epoch 1 		 Training Loss: 0.25063781323842704 		 Validation Loss: 0.22254066728055477
Epoch 2 		 Training Loss: 0.21947505476418883 		 Validation Loss: 0.21966191846877337
Epoch 3 		 Training Loss: 0.22296566504519433 		 Validation Loss: 0.22309424448758364
Epoch 4 		 Training Loss: 0.20347296574618667 		 Validation Loss: 0.2139201434329152
Epoch 5 		 Training Loss: 0.2161154814530164 		 Validation Loss: 0.22419292945414782
Epoch 6 		 Training Loss: 0.19509466807357967 		 Validation Loss: 0.21948000695556402
Epoch 7 		 Training Loss: 0.2015982591547072 		 Validation Loss: 0.21531592961400747
Epoch 8 		 Training Loss: 0.18683028395753354 		 Validation Loss: 0.2251034677028656
Epoch 9 		 Training Loss: 0.19282925815787166 		 Validation Loss: 0.21734466031193733
Epoch 10 		 Training Loss: 0.19211295247077942 		 Validation Loss: 0.22304603550583124
Epoch 11 		 Training Loss: 0.24858358944766223 		 Validation Loss: 0.20352066028863192
Validation Loss Decreased(3.359513--->3.256331) 	 Saving The Model
Epoch 12 		 Training Loss: 0.23407996562309563 		 Validation Loss: 0.20418417174369097
Epoch 13 		 Training Loss: 0.23787333676591516 		 Validation Loss: 0.20285987574607134
Validation Loss Decreased(3.256331--->3.245758) 	 Saving The Model
Epoch 14 		 Training Loss: 0.22493065928574651 		 Validation Loss: 0.2036068718880415
Epoch 15 		 Training Loss: 0.23071332776453346 		 Validation Loss: 0.20566749572753906
Epoch 16 		 Training Loss: 0.22050213068723679 		 Validation Loss: 0.2044284949079156
Epoch 17 		 Training Loss: 0.2340325090335682 		 Validation Loss: 0.20526129752397537
Epoch 18 		 Training Loss: 0.2294939864659682 		 Validation Loss: 0.20519201457500458
Epoch 19 		 Training Loss: 0.2284898147918284 		 Validation Loss: 0.20434388238936663
Epoch 20 		 Training Loss: 0.22604641853831708 		 Validation Loss: 0.20565492007881403
Epoch 21 		 Training Loss: 0.22569418465718627 		 Validation Loss: 0.2048181388527155
Epoch 22 		 Training Loss: 0.21858185925520957 		 Validation Loss: 0.2044472387060523
Epoch 23 		 Training Loss: 0.23551469575613737 		 Validation Loss: 0.2031948622316122
Epoch 24 		 Training Loss: 0.2279161209007725 		 Validation Loss: 0.20363279059529305
Epoch 25 		 Training Loss: 0.2185396021232009 		 Validation Loss: 0.20374409388750792
Epoch 26 		 Training Loss: 0.22719433333259076 		 Validation Loss: 0.20363568607717752
Epoch 27 		 Training Loss: 0.21053851919714361 		 Validation Loss: 0.20374711602926254
Epoch 28 		 Training Loss: 0.2291162955807522 		 Validation Loss: 0.20298303291201591
Epoch 29 		 Training Loss: 0.2276007526088506 		 Validation Loss: 0.2029361752793193
Epoch 30 		 Training Loss: 0.21388237900100648 		 Validation Loss: 0.20300715696066618
Epoch 31 		 Training Loss: 0.23172536585479975 		 Validation Loss: 0.20267824083566666
Validation Loss Decreased(3.245758--->3.242852) 	 Saving The Model
Epoch 32 		 Training Loss: 0.2246386125916615 		 Validation Loss: 0.20249568112194538
Validation Loss Decreased(3.242852--->3.239931) 	 Saving The Model
Epoch 33 		 Training Loss: 0.23981447087135166 		 Validation Loss: 0.20297111198306084
Epoch 34 		 Training Loss: 0.2232708487426862 		 Validation Loss: 0.20238138921558857
Validation Loss Decreased(3.239931--->3.238102) 	 Saving The Model
Epoch 35 		 Training Loss: 0.23079072241671383 		 Validation Loss: 0.2029525674879551
Epoch 36 		 Training Loss: 0.23092661087866873 		 Validation Loss: 0.20223682466894388
Validation Loss Decreased(3.238102--->3.235789) 	 Saving The Model
Epoch 37 		 Training Loss: 0.22403948626015335 		 Validation Loss: 0.20323402993381023
Epoch 38 		 Training Loss: 0.22500623995438218 		 Validation Loss: 0.20281162671744823
Epoch 39 		 Training Loss: 0.22758762631565332 		 Validation Loss: 0.2033017072826624
Epoch 40 		 Training Loss: 0.22911211755126715 		 Validation Loss: 0.20289298426359892
Epoch 41 		 Training Loss: 0.2191680467221886 		 Validation Loss: 0.20260435435920954
Epoch 42 		 Training Loss: 0.21736992406658828 		 Validation Loss: 0.20214611757546663
Validation Loss Decreased(3.235789--->3.234338) 	 Saving The Model
Epoch 43 		 Training Loss: 0.2323808134533465 		 Validation Loss: 0.2027315218001604
Epoch 44 		 Training Loss: 0.21904374251607805 		 Validation Loss: 0.20282902847975492
Epoch 45 		 Training Loss: 0.2273583165369928 		 Validation Loss: 0.20329448394477367
Epoch 46 		 Training Loss: 0.23283921531401575 		 Validation Loss: 0.2024023625999689
Epoch 47 		 Training Loss: 0.22219373751431704 		 Validation Loss: 0.20326491817831993
Epoch 48 		 Training Loss: 0.22706532012671232 		 Validation Loss: 0.20249832142144442
Epoch 49 		 Training Loss: 0.2302932074526325 		 Validation Loss: 0.20288526359945536
Epoch 50 		 Training Loss: 0.22031900892034173 		 Validation Loss: 0.20250309258699417
Accuracy of the model: 94.62%
Accuracy of the model: 93.50%
