Requirement already satisfied: pandas in /sfs/qumulo/qhome/brc4cb/.conda/envs/falcon_40B/lib/python3.9/site-packages (from -r requirements.txt (line 1)) (2.0.3)
Collecting pandas (from -r requirements.txt (line 1))
  Using cached pandas-2.1.1-cp39-cp39-manylinux_2_17_x86_64.manylinux2014_x86_64.whl (12.3 MB)
Collecting matplotlib (from -r requirements.txt (line 2))
  Using cached matplotlib-3.8.0-cp39-cp39-manylinux_2_17_x86_64.manylinux2014_x86_64.whl (11.6 MB)
Requirement already satisfied: numpy in /sfs/qumulo/qhome/brc4cb/.conda/envs/falcon_40B/lib/python3.9/site-packages (from -r requirements.txt (line 3)) (1.25.2)
Collecting numpy (from -r requirements.txt (line 3))
  Using cached numpy-1.26.0-cp39-cp39-manylinux_2_17_x86_64.manylinux2014_x86_64.whl (18.2 MB)
Requirement already satisfied: torchvision in /sfs/qumulo/qhome/brc4cb/.conda/envs/falcon_40B/lib/python3.9/site-packages (from -r requirements.txt (line 4)) (0.16.0)
Requirement already satisfied: torchvision in /sfs/qumulo/qhome/brc4cb/.conda/envs/falcon_40B/lib/python3.9/site-packages (0.16.0)
Requirement already satisfied: numpy in /sfs/qumulo/qhome/brc4cb/.conda/envs/falcon_40B/lib/python3.9/site-packages (from torchvision) (1.25.2)
Requirement already satisfied: requests in /sfs/qumulo/qhome/brc4cb/.conda/envs/falcon_40B/lib/python3.9/site-packages (from torchvision) (2.31.0)
Requirement already satisfied: torch==2.1.0 in /sfs/qumulo/qhome/brc4cb/.conda/envs/falcon_40B/lib/python3.9/site-packages (from torchvision) (2.1.0)
Requirement already satisfied: pillow!=8.3.*,>=5.3.0 in /sfs/qumulo/qhome/brc4cb/.conda/envs/falcon_40B/lib/python3.9/site-packages (from torchvision) (10.0.1)
Requirement already satisfied: filelock in /sfs/qumulo/qhome/brc4cb/.conda/envs/falcon_40B/lib/python3.9/site-packages (from torch==2.1.0->torchvision) (3.9.0)
Requirement already satisfied: typing-extensions in /sfs/qumulo/qhome/brc4cb/.conda/envs/falcon_40B/lib/python3.9/site-packages (from torch==2.1.0->torchvision) (4.4.0)
Requirement already satisfied: sympy in /sfs/qumulo/qhome/brc4cb/.conda/envs/falcon_40B/lib/python3.9/site-packages (from torch==2.1.0->torchvision) (1.11.1)
Requirement already satisfied: networkx in /sfs/qumulo/qhome/brc4cb/.conda/envs/falcon_40B/lib/python3.9/site-packages (from torch==2.1.0->torchvision) (3.0rc1)
Requirement already satisfied: jinja2 in /sfs/qumulo/qhome/brc4cb/.conda/envs/falcon_40B/lib/python3.9/site-packages (from torch==2.1.0->torchvision) (3.1.2)
Requirement already satisfied: fsspec in /sfs/qumulo/qhome/brc4cb/.conda/envs/falcon_40B/lib/python3.9/site-packages (from torch==2.1.0->torchvision) (2023.4.0)
Requirement already satisfied: nvidia-cuda-nvrtc-cu12==12.1.105 in /sfs/qumulo/qhome/brc4cb/.conda/envs/falcon_40B/lib/python3.9/site-packages (from torch==2.1.0->torchvision) (12.1.105)
Requirement already satisfied: nvidia-cuda-runtime-cu12==12.1.105 in /sfs/qumulo/qhome/brc4cb/.conda/envs/falcon_40B/lib/python3.9/site-packages (from torch==2.1.0->torchvision) (12.1.105)
Requirement already satisfied: nvidia-cuda-cupti-cu12==12.1.105 in /sfs/qumulo/qhome/brc4cb/.conda/envs/falcon_40B/lib/python3.9/site-packages (from torch==2.1.0->torchvision) (12.1.105)
Requirement already satisfied: nvidia-cudnn-cu12==8.9.2.26 in /sfs/qumulo/qhome/brc4cb/.conda/envs/falcon_40B/lib/python3.9/site-packages (from torch==2.1.0->torchvision) (8.9.2.26)
Requirement already satisfied: nvidia-cublas-cu12==12.1.3.1 in /sfs/qumulo/qhome/brc4cb/.conda/envs/falcon_40B/lib/python3.9/site-packages (from torch==2.1.0->torchvision) (12.1.3.1)
Requirement already satisfied: nvidia-cufft-cu12==11.0.2.54 in /sfs/qumulo/qhome/brc4cb/.conda/envs/falcon_40B/lib/python3.9/site-packages (from torch==2.1.0->torchvision) (11.0.2.54)
Requirement already satisfied: nvidia-curand-cu12==10.3.2.106 in /sfs/qumulo/qhome/brc4cb/.conda/envs/falcon_40B/lib/python3.9/site-packages (from torch==2.1.0->torchvision) (10.3.2.106)
Requirement already satisfied: nvidia-cusolver-cu12==11.4.5.107 in /sfs/qumulo/qhome/brc4cb/.conda/envs/falcon_40B/lib/python3.9/site-packages (from torch==2.1.0->torchvision) (11.4.5.107)
Requirement already satisfied: nvidia-cusparse-cu12==12.1.0.106 in /sfs/qumulo/qhome/brc4cb/.conda/envs/falcon_40B/lib/python3.9/site-packages (from torch==2.1.0->torchvision) (12.1.0.106)
Requirement already satisfied: nvidia-nccl-cu12==2.18.1 in /sfs/qumulo/qhome/brc4cb/.conda/envs/falcon_40B/lib/python3.9/site-packages (from torch==2.1.0->torchvision) (2.18.1)
Requirement already satisfied: nvidia-nvtx-cu12==12.1.105 in /sfs/qumulo/qhome/brc4cb/.conda/envs/falcon_40B/lib/python3.9/site-packages (from torch==2.1.0->torchvision) (12.1.105)
Requirement already satisfied: triton==2.1.0 in /sfs/qumulo/qhome/brc4cb/.conda/envs/falcon_40B/lib/python3.9/site-packages (from torch==2.1.0->torchvision) (2.1.0)
Requirement already satisfied: nvidia-nvjitlink-cu12 in /sfs/qumulo/qhome/brc4cb/.conda/envs/falcon_40B/lib/python3.9/site-packages (from nvidia-cusolver-cu12==11.4.5.107->torch==2.1.0->torchvision) (12.2.140)
Requirement already satisfied: charset-normalizer<4,>=2 in /sfs/qumulo/qhome/brc4cb/.conda/envs/falcon_40B/lib/python3.9/site-packages (from requests->torchvision) (3.1.0)
Requirement already satisfied: idna<4,>=2.5 in /sfs/qumulo/qhome/brc4cb/.conda/envs/falcon_40B/lib/python3.9/site-packages (from requests->torchvision) (3.4)
Requirement already satisfied: urllib3<3,>=1.21.1 in /sfs/qumulo/qhome/brc4cb/.conda/envs/falcon_40B/lib/python3.9/site-packages (from requests->torchvision) (2.0.3)
Requirement already satisfied: certifi>=2017.4.17 in /sfs/qumulo/qhome/brc4cb/.conda/envs/falcon_40B/lib/python3.9/site-packages (from requests->torchvision) (2023.5.7)
Requirement already satisfied: MarkupSafe>=2.0 in /sfs/qumulo/qhome/brc4cb/.conda/envs/falcon_40B/lib/python3.9/site-packages (from jinja2->torch==2.1.0->torchvision) (2.1.2)
Requirement already satisfied: mpmath>=0.19 in /sfs/qumulo/qhome/brc4cb/.conda/envs/falcon_40B/lib/python3.9/site-packages (from sympy->torch==2.1.0->torchvision) (1.2.1)
Collecting package metadata (current_repodata.json): ...working... done
Solving environment: ...working... done

# All requested packages already installed.

Epoch 1 		 Training Loss: 0.16816800471860915 		 Validation Loss: 0.1980714611709118
Epoch 2 		 Training Loss: 0.17322025017347187 		 Validation Loss: 0.1968758637085557
Epoch 3 		 Training Loss: 0.15884485642891377 		 Validation Loss: 0.1969340154901147
Epoch 4 		 Training Loss: 0.1579399921465665 		 Validation Loss: 0.19790863804519176
Epoch 5 		 Training Loss: 0.16084321297239512 		 Validation Loss: 0.19828392565250397
Epoch 6 		 Training Loss: 0.1483996296301484 		 Validation Loss: 0.19955791253596544
Epoch 7 		 Training Loss: 0.15133729751687497 		 Validation Loss: 0.19917342346161604
Epoch 8 		 Training Loss: 0.13876649492885917 		 Validation Loss: 0.19587449077516794
Epoch 9 		 Training Loss: 0.14330737187992781 		 Validation Loss: 0.196144656278193
Epoch 10 		 Training Loss: 0.14589086396154016 		 Validation Loss: 0.19819948822259903
Epoch 11 		 Training Loss: 0.18438451155088842 		 Validation Loss: 0.1928282966837287
Epoch 12 		 Training Loss: 0.1746872398070991 		 Validation Loss: 0.1910449843853712
Epoch 13 		 Training Loss: 0.16543182916939259 		 Validation Loss: 0.1906716451048851
Epoch 14 		 Training Loss: 0.1742222758475691 		 Validation Loss: 0.18956243060529232
Epoch 15 		 Training Loss: 0.16356814629398286 		 Validation Loss: 0.19039021991193295
Epoch 16 		 Training Loss: 0.16698451794218272 		 Validation Loss: 0.19017606601119041
Epoch 17 		 Training Loss: 0.17385568970348686 		 Validation Loss: 0.18899402394890785
Validation Loss Decreased(3.032201--->3.023904) 	 Saving The Model
Epoch 18 		 Training Loss: 0.16449491283856332 		 Validation Loss: 0.1892514182254672
Epoch 19 		 Training Loss: 0.1703460734570399 		 Validation Loss: 0.1893884101882577
Epoch 20 		 Training Loss: 0.16674396209418774 		 Validation Loss: 0.18911438900977373
Epoch 21 		 Training Loss: 0.16818962001707405 		 Validation Loss: 0.18818958941847086
Validation Loss Decreased(3.023904--->3.011033) 	 Saving The Model
Epoch 22 		 Training Loss: 0.16519753925967962 		 Validation Loss: 0.18879136815667152
Epoch 23 		 Training Loss: 0.16361691895872355 		 Validation Loss: 0.18886584136635065
Epoch 24 		 Training Loss: 0.16847966238856316 		 Validation Loss: 0.18930517602711916
Epoch 25 		 Training Loss: 0.17459737486205995 		 Validation Loss: 0.18879663292318583
Epoch 26 		 Training Loss: 0.1652960933279246 		 Validation Loss: 0.1886451356112957
Epoch 27 		 Training Loss: 0.17649532470386475 		 Validation Loss: 0.18803781270980835
Validation Loss Decreased(3.011033--->3.008605) 	 Saving The Model
Epoch 28 		 Training Loss: 0.16975829668808728 		 Validation Loss: 0.1886474834755063
Epoch 29 		 Training Loss: 0.16552053834311664 		 Validation Loss: 0.18904857523739338
Epoch 30 		 Training Loss: 0.1765011054230854 		 Validation Loss: 0.18801756668835878
Validation Loss Decreased(3.008605--->3.008281) 	 Saving The Model
Epoch 31 		 Training Loss: 0.1762542591895908 		 Validation Loss: 0.18875740561634302
Epoch 32 		 Training Loss: 0.17643259197939187 		 Validation Loss: 0.18826994579285383
Epoch 33 		 Training Loss: 0.1664339755079709 		 Validation Loss: 0.18824553955346346
Epoch 34 		 Training Loss: 0.1705335226142779 		 Validation Loss: 0.1883173119276762
Epoch 35 		 Training Loss: 0.17403691890649498 		 Validation Loss: 0.18851510807871819
Epoch 36 		 Training Loss: 0.17031717975623906 		 Validation Loss: 0.1885774526745081
Epoch 37 		 Training Loss: 0.169154403032735 		 Validation Loss: 0.18870933074504137
Epoch 38 		 Training Loss: 0.17537389532662928 		 Validation Loss: 0.1883056489750743
Epoch 39 		 Training Loss: 0.16605356393847615 		 Validation Loss: 0.18862423859536648
Epoch 40 		 Training Loss: 0.16886647744104266 		 Validation Loss: 0.18801649753004313
Validation Loss Decreased(3.008281--->3.008264) 	 Saving The Model
Epoch 41 		 Training Loss: 0.17418415227439255 		 Validation Loss: 0.18842089641839266
Epoch 42 		 Training Loss: 0.1798932544188574 		 Validation Loss: 0.18794504832476377
Validation Loss Decreased(3.008264--->3.007121) 	 Saving The Model
Epoch 43 		 Training Loss: 0.17284141341224313 		 Validation Loss: 0.1883550714701414
Epoch 44 		 Training Loss: 0.17002995940856636 		 Validation Loss: 0.18813547305762768
Epoch 45 		 Training Loss: 0.1736990071949549 		 Validation Loss: 0.18852356262505054
Epoch 46 		 Training Loss: 0.16724669537506998 		 Validation Loss: 0.18885065522044897
Epoch 47 		 Training Loss: 0.170953638269566 		 Validation Loss: 0.18843433447182178
Epoch 48 		 Training Loss: 0.17747963650617748 		 Validation Loss: 0.18821873143315315
Epoch 49 		 Training Loss: 0.16524842468788847 		 Validation Loss: 0.18860965315252542
Epoch 50 		 Training Loss: 0.17276596277952194 		 Validation Loss: 0.18890386912971735
Accuracy of the model: 95.88%
Accuracy of the model: 94.18%
