Requirement already satisfied: pandas in /sfs/qumulo/qhome/brc4cb/.conda/envs/falcon_40B/lib/python3.9/site-packages (from -r requirements.txt (line 1)) (2.0.3)
Collecting pandas (from -r requirements.txt (line 1))
  Using cached pandas-2.1.1-cp39-cp39-manylinux_2_17_x86_64.manylinux2014_x86_64.whl (12.3 MB)
Collecting matplotlib (from -r requirements.txt (line 2))
  Using cached matplotlib-3.8.0-cp39-cp39-manylinux_2_17_x86_64.manylinux2014_x86_64.whl (11.6 MB)
Requirement already satisfied: numpy in /sfs/qumulo/qhome/brc4cb/.conda/envs/falcon_40B/lib/python3.9/site-packages (from -r requirements.txt (line 3)) (1.25.2)
Collecting numpy (from -r requirements.txt (line 3))
  Using cached numpy-1.26.0-cp39-cp39-manylinux_2_17_x86_64.manylinux2014_x86_64.whl (18.2 MB)
Requirement already satisfied: torchvision in /sfs/qumulo/qhome/brc4cb/.conda/envs/falcon_40B/lib/python3.9/site-packages (from -r requirements.txt (line 4)) (0.16.0)
Requirement already satisfied: torchvision in /sfs/qumulo/qhome/brc4cb/.conda/envs/falcon_40B/lib/python3.9/site-packages (0.16.0)
Requirement already satisfied: numpy in /sfs/qumulo/qhome/brc4cb/.conda/envs/falcon_40B/lib/python3.9/site-packages (from torchvision) (1.25.2)
Requirement already satisfied: requests in /sfs/qumulo/qhome/brc4cb/.conda/envs/falcon_40B/lib/python3.9/site-packages (from torchvision) (2.31.0)
Requirement already satisfied: torch==2.1.0 in /sfs/qumulo/qhome/brc4cb/.conda/envs/falcon_40B/lib/python3.9/site-packages (from torchvision) (2.1.0)
Requirement already satisfied: pillow!=8.3.*,>=5.3.0 in /sfs/qumulo/qhome/brc4cb/.conda/envs/falcon_40B/lib/python3.9/site-packages (from torchvision) (10.0.1)
Requirement already satisfied: filelock in /sfs/qumulo/qhome/brc4cb/.conda/envs/falcon_40B/lib/python3.9/site-packages (from torch==2.1.0->torchvision) (3.9.0)
Requirement already satisfied: typing-extensions in /sfs/qumulo/qhome/brc4cb/.conda/envs/falcon_40B/lib/python3.9/site-packages (from torch==2.1.0->torchvision) (4.4.0)
Requirement already satisfied: sympy in /sfs/qumulo/qhome/brc4cb/.conda/envs/falcon_40B/lib/python3.9/site-packages (from torch==2.1.0->torchvision) (1.11.1)
Requirement already satisfied: networkx in /sfs/qumulo/qhome/brc4cb/.conda/envs/falcon_40B/lib/python3.9/site-packages (from torch==2.1.0->torchvision) (3.0rc1)
Requirement already satisfied: jinja2 in /sfs/qumulo/qhome/brc4cb/.conda/envs/falcon_40B/lib/python3.9/site-packages (from torch==2.1.0->torchvision) (3.1.2)
Requirement already satisfied: fsspec in /sfs/qumulo/qhome/brc4cb/.conda/envs/falcon_40B/lib/python3.9/site-packages (from torch==2.1.0->torchvision) (2023.4.0)
Requirement already satisfied: nvidia-cuda-nvrtc-cu12==12.1.105 in /sfs/qumulo/qhome/brc4cb/.conda/envs/falcon_40B/lib/python3.9/site-packages (from torch==2.1.0->torchvision) (12.1.105)
Requirement already satisfied: nvidia-cuda-runtime-cu12==12.1.105 in /sfs/qumulo/qhome/brc4cb/.conda/envs/falcon_40B/lib/python3.9/site-packages (from torch==2.1.0->torchvision) (12.1.105)
Requirement already satisfied: nvidia-cuda-cupti-cu12==12.1.105 in /sfs/qumulo/qhome/brc4cb/.conda/envs/falcon_40B/lib/python3.9/site-packages (from torch==2.1.0->torchvision) (12.1.105)
Requirement already satisfied: nvidia-cudnn-cu12==8.9.2.26 in /sfs/qumulo/qhome/brc4cb/.conda/envs/falcon_40B/lib/python3.9/site-packages (from torch==2.1.0->torchvision) (8.9.2.26)
Requirement already satisfied: nvidia-cublas-cu12==12.1.3.1 in /sfs/qumulo/qhome/brc4cb/.conda/envs/falcon_40B/lib/python3.9/site-packages (from torch==2.1.0->torchvision) (12.1.3.1)
Requirement already satisfied: nvidia-cufft-cu12==11.0.2.54 in /sfs/qumulo/qhome/brc4cb/.conda/envs/falcon_40B/lib/python3.9/site-packages (from torch==2.1.0->torchvision) (11.0.2.54)
Requirement already satisfied: nvidia-curand-cu12==10.3.2.106 in /sfs/qumulo/qhome/brc4cb/.conda/envs/falcon_40B/lib/python3.9/site-packages (from torch==2.1.0->torchvision) (10.3.2.106)
Requirement already satisfied: nvidia-cusolver-cu12==11.4.5.107 in /sfs/qumulo/qhome/brc4cb/.conda/envs/falcon_40B/lib/python3.9/site-packages (from torch==2.1.0->torchvision) (11.4.5.107)
Requirement already satisfied: nvidia-cusparse-cu12==12.1.0.106 in /sfs/qumulo/qhome/brc4cb/.conda/envs/falcon_40B/lib/python3.9/site-packages (from torch==2.1.0->torchvision) (12.1.0.106)
Requirement already satisfied: nvidia-nccl-cu12==2.18.1 in /sfs/qumulo/qhome/brc4cb/.conda/envs/falcon_40B/lib/python3.9/site-packages (from torch==2.1.0->torchvision) (2.18.1)
Requirement already satisfied: nvidia-nvtx-cu12==12.1.105 in /sfs/qumulo/qhome/brc4cb/.conda/envs/falcon_40B/lib/python3.9/site-packages (from torch==2.1.0->torchvision) (12.1.105)
Requirement already satisfied: triton==2.1.0 in /sfs/qumulo/qhome/brc4cb/.conda/envs/falcon_40B/lib/python3.9/site-packages (from torch==2.1.0->torchvision) (2.1.0)
Requirement already satisfied: nvidia-nvjitlink-cu12 in /sfs/qumulo/qhome/brc4cb/.conda/envs/falcon_40B/lib/python3.9/site-packages (from nvidia-cusolver-cu12==11.4.5.107->torch==2.1.0->torchvision) (12.2.140)
Requirement already satisfied: charset-normalizer<4,>=2 in /sfs/qumulo/qhome/brc4cb/.conda/envs/falcon_40B/lib/python3.9/site-packages (from requests->torchvision) (3.1.0)
Requirement already satisfied: idna<4,>=2.5 in /sfs/qumulo/qhome/brc4cb/.conda/envs/falcon_40B/lib/python3.9/site-packages (from requests->torchvision) (3.4)
Requirement already satisfied: urllib3<3,>=1.21.1 in /sfs/qumulo/qhome/brc4cb/.conda/envs/falcon_40B/lib/python3.9/site-packages (from requests->torchvision) (2.0.3)
Requirement already satisfied: certifi>=2017.4.17 in /sfs/qumulo/qhome/brc4cb/.conda/envs/falcon_40B/lib/python3.9/site-packages (from requests->torchvision) (2023.5.7)
Requirement already satisfied: MarkupSafe>=2.0 in /sfs/qumulo/qhome/brc4cb/.conda/envs/falcon_40B/lib/python3.9/site-packages (from jinja2->torch==2.1.0->torchvision) (2.1.2)
Requirement already satisfied: mpmath>=0.19 in /sfs/qumulo/qhome/brc4cb/.conda/envs/falcon_40B/lib/python3.9/site-packages (from sympy->torch==2.1.0->torchvision) (1.2.1)
Collecting package metadata (current_repodata.json): ...working... done
Solving environment: ...working... done

# All requested packages already installed.

Epoch 1 		 Training Loss: 0.001289433036314828 		 Validation Loss: 1.0617307350039482
Epoch 2 		 Training Loss: 0.001293396990755961 		 Validation Loss: 1.0656633600592613
Epoch 3 		 Training Loss: 0.0011453701711919468 		 Validation Loss: 1.063792522996664
Epoch 4 		 Training Loss: 0.001370814553714202 		 Validation Loss: 1.0654220059514046
Epoch 5 		 Training Loss: 0.0010117390884261113 		 Validation Loss: 1.062560811638832
Epoch 6 		 Training Loss: 0.0009892586179679104 		 Validation Loss: 1.0604630410671234
Epoch 7 		 Training Loss: 0.0013182707286129396 		 Validation Loss: 1.0622033216059208
Epoch 8 		 Training Loss: 0.0010148213417172276 		 Validation Loss: 1.0629719942808151
Epoch 9 		 Training Loss: 0.0010197290418242726 		 Validation Loss: 1.0627358630299568
Epoch 10 		 Training Loss: 0.0009442009365254004 		 Validation Loss: 1.0628644488751888
Epoch 11 		 Training Loss: 0.0009978759771911427 		 Validation Loss: 1.0633907280862331
Epoch 12 		 Training Loss: 0.0009631002346092524 		 Validation Loss: 1.0645208954811096
Epoch 13 		 Training Loss: 0.0008929994170709202 		 Validation Loss: 1.0637549459934235
Epoch 14 		 Training Loss: 0.0009538670292386087 		 Validation Loss: 1.0643741600215435
Epoch 15 		 Training Loss: 0.0009138696689963884 		 Validation Loss: 1.0683167949318886
Epoch 16 		 Training Loss: 0.0009823908900822669 		 Validation Loss: 1.0648468099534512
Epoch 17 		 Training Loss: 0.0009007323266511472 		 Validation Loss: 1.0634240992367268
Epoch 18 		 Training Loss: 0.0008692317545258751 		 Validation Loss: 1.0628715381026268
Epoch 19 		 Training Loss: 0.0008972196337708738 		 Validation Loss: 1.0633966140449047
Epoch 20 		 Training Loss: 0.0008861816610685006 		 Validation Loss: 1.058212824165821
Epoch 21 		 Training Loss: 0.0008929183447132042 		 Validation Loss: 1.067041389644146
Epoch 22 		 Training Loss: 0.0008944150795286987 		 Validation Loss: 1.060472011566162
Epoch 23 		 Training Loss: 0.0008855244959704578 		 Validation Loss: 1.065884243696928
Epoch 24 		 Training Loss: 0.0008439234085623563 		 Validation Loss: 1.0618473291397095
Epoch 25 		 Training Loss: 0.0008479996734725622 		 Validation Loss: 1.0634051896631718
Epoch 26 		 Training Loss: 0.0008441385216428898 		 Validation Loss: 1.0641711167991161
Epoch 27 		 Training Loss: 0.0007824773838365218 		 Validation Loss: 1.0611827410757542
Epoch 28 		 Training Loss: 0.0008253363193944097 		 Validation Loss: 1.0629775449633598
Epoch 29 		 Training Loss: 0.0011182000774473029 		 Validation Loss: 1.0616232641041279
Epoch 30 		 Training Loss: 0.0011016352218575776 		 Validation Loss: 1.0639634132385254
Epoch 31 		 Training Loss: 0.00114965010167604 		 Validation Loss: 1.0630321353673935
Epoch 32 		 Training Loss: 0.0010323945213409995 		 Validation Loss: 1.064473308622837
Epoch 33 		 Training Loss: 0.0009370578930732639 		 Validation Loss: 1.0649687685072422
Epoch 34 		 Training Loss: 0.009917162022854123 		 Validation Loss: 1.0671802870929241
Epoch 35 		 Training Loss: 0.008510525475382261 		 Validation Loss: 1.0621180981397629
Epoch 36 		 Training Loss: 0.010129359366449838 		 Validation Loss: 1.063105009496212
Epoch 37 		 Training Loss: 0.007133164074427138 		 Validation Loss: 1.0629917755723
Epoch 38 		 Training Loss: 0.008511206585050482 		 Validation Loss: 1.0640389174222946
Epoch 39 		 Training Loss: 0.009274289515208997 		 Validation Loss: 1.065684698522091
Epoch 40 		 Training Loss: 0.00967698335686388 		 Validation Loss: 1.061226174235344
Epoch 41 		 Training Loss: 0.011450428223421719 		 Validation Loss: 1.0637852139770985
Epoch 42 		 Training Loss: 0.015864833188970806 		 Validation Loss: 1.0643650367856026
Epoch 43 		 Training Loss: 0.00965796744033772 		 Validation Loss: 1.064478911459446
Epoch 44 		 Training Loss: 0.011788108267258698 		 Validation Loss: 1.0645432993769646
Epoch 45 		 Training Loss: 0.012182408902541889 		 Validation Loss: 1.0645153187215328
Epoch 46 		 Training Loss: 0.008175036155686636 		 Validation Loss: 1.0623622871935368
Epoch 47 		 Training Loss: 0.010073579715632755 		 Validation Loss: 1.064723800867796
Epoch 48 		 Training Loss: 0.012308179234726898 		 Validation Loss: 1.0634983107447624
Epoch 49 		 Training Loss: 0.010723962031382447 		 Validation Loss: 1.0629601553082466
Epoch 50 		 Training Loss: 0.01423429230514254 		 Validation Loss: 1.0637656413018703
Epoch 51 		 Training Loss: 0.013364901129534701 		 Validation Loss: 1.0646756924688816
Epoch 52 		 Training Loss: 0.008002645168744493 		 Validation Loss: 1.0644036382436752
Epoch 53 		 Training Loss: 0.009589203998378556 		 Validation Loss: 1.0625863634049892
Epoch 54 		 Training Loss: 0.01193673078159918 		 Validation Loss: 1.06629291549325
Epoch 55 		 Training Loss: 0.012795777468757782 		 Validation Loss: 1.0633344426751137
Epoch 56 		 Training Loss: 0.008252121584519045 		 Validation Loss: 1.0620737858116627
Epoch 57 		 Training Loss: 0.007276068414891294 		 Validation Loss: 1.0652045719325542
Epoch 58 		 Training Loss: 0.007815097628432946 		 Validation Loss: 1.0630705319344997
Epoch 59 		 Training Loss: 0.013606645428808406 		 Validation Loss: 1.062755610793829
Epoch 60 		 Training Loss: 0.013019648863216085 		 Validation Loss: 1.0625711157917976
Epoch 61 		 Training Loss: 0.0070065077852632385 		 Validation Loss: 1.0602923072874546
Epoch 62 		 Training Loss: 0.011217686929740012 		 Validation Loss: 1.0621281750500202
Epoch 63 		 Training Loss: 0.007918128809251357 		 Validation Loss: 1.0666983239352703
Epoch 64 		 Training Loss: 0.008691676818367947 		 Validation Loss: 1.063467312604189
Epoch 65 		 Training Loss: 0.012803926244184064 		 Validation Loss: 1.0603796169161797
Epoch 66 		 Training Loss: 0.008856795702740783 		 Validation Loss: 1.0623654313385487
Epoch 67 		 Training Loss: 0.01230496231558694 		 Validation Loss: 1.063071995973587
Epoch 68 		 Training Loss: 0.011464894986905469 		 Validation Loss: 1.0659748688340187
Epoch 69 		 Training Loss: 0.011466084694499537 		 Validation Loss: 1.0601313896477222
Epoch 70 		 Training Loss: 0.011621726484008832 		 Validation Loss: 1.0618188045918941
Epoch 71 		 Training Loss: 0.012137868646580804 		 Validation Loss: 1.0676334202289581
Epoch 72 		 Training Loss: 0.008615962508580802 		 Validation Loss: 1.0652094930410385
Epoch 73 		 Training Loss: 0.01055688257717217 		 Validation Loss: 1.0608614943921566
Epoch 74 		 Training Loss: 0.012934231330291368 		 Validation Loss: 1.062585137784481
Epoch 75 		 Training Loss: 0.010306898031558376 		 Validation Loss: 1.063759047538042
Epoch 76 		 Training Loss: 0.009639578024992565 		 Validation Loss: 1.0615434609353542
Epoch 77 		 Training Loss: 0.008767987420166415 		 Validation Loss: 1.0626292787492275
Epoch 78 		 Training Loss: 0.010822565708319113 		 Validation Loss: 1.0631906986236572
Epoch 79 		 Training Loss: 0.010396881945780478 		 Validation Loss: 1.0644578076899052
Epoch 80 		 Training Loss: 0.011352871328805728 		 Validation Loss: 1.0642606019973755
Epoch 81 		 Training Loss: 0.011957071634242311 		 Validation Loss: 1.0613404251635075
Epoch 82 		 Training Loss: 0.013770802345485814 		 Validation Loss: 1.0614504031836987
Epoch 83 		 Training Loss: 0.009456544984762635 		 Validation Loss: 1.0619595497846603
Epoch 84 		 Training Loss: 0.0082183674070014 		 Validation Loss: 1.061345860362053
Epoch 85 		 Training Loss: 0.01150733146884401 		 Validation Loss: 1.061011802405119
Epoch 86 		 Training Loss: 0.01056053248612443 		 Validation Loss: 1.0619354732334614
Epoch 87 		 Training Loss: 0.010518118878583968 		 Validation Loss: 1.0628473609685898
Epoch 88 		 Training Loss: 0.009450998303994615 		 Validation Loss: 1.0653113834559917
Epoch 89 		 Training Loss: 0.00877666759576338 		 Validation Loss: 1.064295332878828
Epoch 90 		 Training Loss: 0.01340689911012305 		 Validation Loss: 1.0645225532352924
Epoch 91 		 Training Loss: 0.012495373218068076 		 Validation Loss: 1.0637039691209793
Epoch 92 		 Training Loss: 0.010412229710103324 		 Validation Loss: 1.0633382387459278
Epoch 93 		 Training Loss: 0.010135161507302351 		 Validation Loss: 1.0640288144350052
Epoch 94 		 Training Loss: 0.009115970286075026 		 Validation Loss: 1.0665912479162216
Epoch 95 		 Training Loss: 0.009774255840360032 		 Validation Loss: 1.0658693090081215
Epoch 96 		 Training Loss: 0.012776351639331551 		 Validation Loss: 1.062142003327608
Epoch 97 		 Training Loss: 0.013939768577984069 		 Validation Loss: 1.0605390518903732
Epoch 98 		 Training Loss: 0.009320876333125247 		 Validation Loss: 1.0588697046041489
Epoch 99 		 Training Loss: 0.010244721350318287 		 Validation Loss: 1.0622010976076126
Epoch 100 		 Training Loss: 0.009101930142302686 		 Validation Loss: 1.0608033686876297
Accuracy of the model: 99.74%
Accuracy of the model: 76.86%
Accuracy of the model: 80.44%
